Started GET "/" for ::1 at 2021-09-25 10:54:17 +0530
  [1m[35m (0.8ms)[0m  [1m[34mSELECT sqlite_version(*)[0m
Processing by Rails::WelcomeController#index as HTML
  Rendering /home/coder/.rvm/gems/ruby-3.0.1/gems/railties-6.1.4.1/lib/rails/templates/rails/welcome/index.html.erb
  Rendered /home/coder/.rvm/gems/ruby-3.0.1/gems/railties-6.1.4.1/lib/rails/templates/rails/welcome/index.html.erb (Duration: 5.6ms | Allocations: 595)
Completed 200 OK in 17ms (Views: 8.3ms | ActiveRecord: 0.0ms | Allocations: 7392)


Started GET "/articles/1" for ::1 at 2021-09-25 10:54:20 +0530
  
ActionController::RoutingError (No route matches [GET] "/articles/1"):
  
Started GET "/" for ::1 at 2021-09-25 10:58:31 +0530
Processing by Rails::WelcomeController#index as HTML
  Rendering /home/coder/.rvm/gems/ruby-3.0.1/gems/railties-6.1.4.1/lib/rails/templates/rails/welcome/index.html.erb
  Rendered /home/coder/.rvm/gems/ruby-3.0.1/gems/railties-6.1.4.1/lib/rails/templates/rails/welcome/index.html.erb (Duration: 3.7ms | Allocations: 262)
Completed 200 OK in 6ms (Views: 4.5ms | Allocations: 3807)


Started GET "/articles" for ::1 at 2021-09-25 10:58:49 +0530
Processing by ArticlesController#index as HTML
  Rendering layout layouts/application.html.erb
  Rendering articles/index.html.erb within layouts/application
  Rendered articles/index.html.erb within layouts/application (Duration: 0.8ms | Allocations: 141)
[Webpacker] Compiling...
[Webpacker] Compiled all packs in /home/coder/shubham/blog/public/packs
[Webpacker] Hash: e2a8a876c5815bee1e21
Version: webpack 4.46.0
Time: 1139ms
Built at: 09/25/2021 10:58:51 AM
                                     Asset       Size       Chunks                         Chunk Names
    js/application-e421b4aa3f716bebdab1.js    125 KiB  application  [emitted] [immutable]  application
js/application-e421b4aa3f716bebdab1.js.map    139 KiB  application  [emitted] [dev]        application
                             manifest.json  364 bytes               [emitted]              
Entrypoint application = js/application-e421b4aa3f716bebdab1.js js/application-e421b4aa3f716bebdab1.js.map
[./app/javascript/channels sync recursive _channel\.js$] ./app/javascript/channels sync _channel\.js$ 160 bytes {application} [built]
[./app/javascript/channels/index.js] 211 bytes {application} [built]
[./app/javascript/packs/application.js] 492 bytes {application} [built]
[./node_modules/webpack/buildin/module.js] (webpack)/buildin/module.js 552 bytes {application} [built]
    + 3 hidden modules

  Rendered layout layouts/application.html.erb (Duration: 2300.1ms | Allocations: 14414)
Completed 200 OK in 2305ms (Views: 2302.4ms | Allocations: 18490)


Started GET "/articles" for ::1 at 2021-09-25 10:59:08 +0530
Processing by ArticlesController#index as HTML
  Rendering layout layouts/application.html.erb
  Rendering articles/index.html.erb within layouts/application
  Rendered articles/index.html.erb within layouts/application (Duration: 0.4ms | Allocations: 146)
[Webpacker] Everything's up-to-date. Nothing to do
  Rendered layout layouts/application.html.erb (Duration: 6.0ms | Allocations: 3411)
Completed 200 OK in 9ms (Views: 7.8ms | Allocations: 4850)


Started GET "/" for ::1 at 2021-09-25 11:00:51 +0530
Processing by ArticlesController#index as HTML
  Rendering layout layouts/application.html.erb
  Rendering articles/index.html.erb within layouts/application
  Rendered articles/index.html.erb within layouts/application (Duration: 0.1ms | Allocations: 56)
[Webpacker] Everything's up-to-date. Nothing to do
  Rendered layout layouts/application.html.erb (Duration: 3.5ms | Allocations: 3106)
Completed 200 OK in 5ms (Views: 4.1ms | Allocations: 3881)


  [1m[35m (0.3ms)[0m  [1m[34mSELECT sqlite_version(*)[0m
  [1m[35m (3.0ms)[0m  [1m[35mCREATE TABLE "schema_migrations" ("version" varchar NOT NULL PRIMARY KEY)[0m
  [1m[35m (2.8ms)[0m  [1m[35mCREATE TABLE "ar_internal_metadata" ("key" varchar NOT NULL PRIMARY KEY, "value" varchar, "created_at" datetime(6) NOT NULL, "updated_at" datetime(6) NOT NULL)[0m
  [1m[35m (0.1ms)[0m  [1m[34mSELECT "schema_migrations"."version" FROM "schema_migrations" ORDER BY "schema_migrations"."version" ASC[0m
Migrating to CreateArticles (20210925053155)
  [1m[36mTRANSACTION (0.0ms)[0m  [1m[36mbegin transaction[0m
  [1m[35m (0.2ms)[0m  [1m[35mCREATE TABLE "articles" ("id" integer PRIMARY KEY AUTOINCREMENT NOT NULL, "title" varchar, "body" text, "created_at" datetime(6) NOT NULL, "updated_at" datetime(6) NOT NULL)[0m
  [1m[36mActiveRecord::SchemaMigration Create (0.1ms)[0m  [1m[32mINSERT INTO "schema_migrations" ("version") VALUES (?)[0m  [["version", "20210925053155"]]
  [1m[36mTRANSACTION (2.9ms)[0m  [1m[36mcommit transaction[0m
  [1m[36mActiveRecord::InternalMetadata Load (0.1ms)[0m  [1m[34mSELECT "ar_internal_metadata".* FROM "ar_internal_metadata" WHERE "ar_internal_metadata"."key" = ? LIMIT ?[0m  [["key", "environment"], ["LIMIT", 1]]
  [1m[36mTRANSACTION (0.1ms)[0m  [1m[36mbegin transaction[0m
  [1m[36mActiveRecord::InternalMetadata Create (0.2ms)[0m  [1m[32mINSERT INTO "ar_internal_metadata" ("key", "value", "created_at", "updated_at") VALUES (?, ?, ?, ?)[0m  [["key", "environment"], ["value", "development"], ["created_at", "2021-09-25 05:53:42.537440"], ["updated_at", "2021-09-25 05:53:42.537440"]]
  [1m[36mTRANSACTION (2.1ms)[0m  [1m[36mcommit transaction[0m
  [1m[35m (0.0ms)[0m  [1m[34mSELECT sqlite_version(*)[0m
  [1m[35m (0.1ms)[0m  [1m[34mSELECT "schema_migrations"."version" FROM "schema_migrations" ORDER BY "schema_migrations"."version" ASC[0m
Started GET "/articles" for ::1 at 2021-09-25 11:25:43 +0530
  [1m[35m (0.1ms)[0m  [1m[34mSELECT sqlite_version(*)[0m
  [1m[35m (0.1ms)[0m  [1m[34mSELECT "schema_migrations"."version" FROM "schema_migrations" ORDER BY "schema_migrations"."version" ASC[0m
Processing by ArticlesController#index as HTML
  Rendering layout layouts/application.html.erb
  Rendering articles/index.html.erb within layouts/application
  Rendered articles/index.html.erb within layouts/application (Duration: 0.1ms | Allocations: 57)
[Webpacker] Everything's up-to-date. Nothing to do
  Rendered layout layouts/application.html.erb (Duration: 3.0ms | Allocations: 3120)
Completed 200 OK in 6ms (Views: 4.0ms | ActiveRecord: 0.0ms | Allocations: 4546)


Started GET "/articles" for ::1 at 2021-09-25 11:25:44 +0530
Processing by ArticlesController#index as HTML
  Rendering layout layouts/application.html.erb
  Rendering articles/index.html.erb within layouts/application
  Rendered articles/index.html.erb within layouts/application (Duration: 0.2ms | Allocations: 37)
[Webpacker] Everything's up-to-date. Nothing to do
  Rendered layout layouts/application.html.erb (Duration: 7.8ms | Allocations: 2870)
Completed 200 OK in 10ms (Views: 8.8ms | ActiveRecord: 0.0ms | Allocations: 3384)


Started GET "/" for ::1 at 2021-09-25 11:25:50 +0530
Processing by ArticlesController#index as HTML
  Rendering layout layouts/application.html.erb
  Rendering articles/index.html.erb within layouts/application
  Rendered articles/index.html.erb within layouts/application (Duration: 0.1ms | Allocations: 37)
[Webpacker] Everything's up-to-date. Nothing to do
  Rendered layout layouts/application.html.erb (Duration: 3.7ms | Allocations: 2871)
Completed 200 OK in 5ms (Views: 4.2ms | ActiveRecord: 0.0ms | Allocations: 3335)


Started GET "/" for ::1 at 2021-09-25 11:25:53 +0530
Processing by ArticlesController#index as HTML
  Rendering layout layouts/application.html.erb
  Rendering articles/index.html.erb within layouts/application
  Rendered articles/index.html.erb within layouts/application (Duration: 0.2ms | Allocations: 37)
[Webpacker] Everything's up-to-date. Nothing to do
  Rendered layout layouts/application.html.erb (Duration: 4.8ms | Allocations: 2870)
Completed 200 OK in 6ms (Views: 5.5ms | ActiveRecord: 0.0ms | Allocations: 3329)


Started GET "/" for ::1 at 2021-09-25 11:26:45 +0530
Processing by ArticlesController#index as HTML
  Rendering layout layouts/application.html.erb
  Rendering articles/index.html.erb within layouts/application
  [1m[36mArticle Load (0.2ms)[0m  [1m[34mSELECT "articles".* FROM "articles"[0m
  ↳ app/views/articles/index.html.erb:4
  Rendered articles/index.html.erb within layouts/application (Duration: 2.5ms | Allocations: 1058)
[Webpacker] Everything's up-to-date. Nothing to do
  Rendered layout layouts/application.html.erb (Duration: 7.9ms | Allocations: 4294)
Completed 200 OK in 11ms (Views: 9.6ms | ActiveRecord: 0.2ms | Allocations: 5670)


Started GET "/" for ::1 at 2021-09-25 11:26:48 +0530
Processing by ArticlesController#index as HTML
  Rendering layout layouts/application.html.erb
  Rendering articles/index.html.erb within layouts/application
  [1m[36mArticle Load (0.2ms)[0m  [1m[34mSELECT "articles".* FROM "articles"[0m
  ↳ app/views/articles/index.html.erb:4
  Rendered articles/index.html.erb within layouts/application (Duration: 4.4ms | Allocations: 680)
[Webpacker] Everything's up-to-date. Nothing to do
  Rendered layout layouts/application.html.erb (Duration: 12.4ms | Allocations: 3521)
Completed 200 OK in 15ms (Views: 13.7ms | ActiveRecord: 0.2ms | Allocations: 4031)


Started GET "/articles/1" for ::1 at 2021-09-25 11:28:36 +0530
  
AbstractController::ActionNotFound (The action 'show' could not be found for ArticlesController
Did you mean?  index):
  
actionpack (6.1.4.1) lib/abstract_controller/base.rb:160:in `process'
actionview (6.1.4.1) lib/action_view/rendering.rb:39:in `process'
actionpack (6.1.4.1) lib/action_controller/metal.rb:190:in `dispatch'
actionpack (6.1.4.1) lib/action_controller/metal.rb:254:in `dispatch'
actionpack (6.1.4.1) lib/action_dispatch/routing/route_set.rb:50:in `dispatch'
actionpack (6.1.4.1) lib/action_dispatch/routing/route_set.rb:33:in `serve'
actionpack (6.1.4.1) lib/action_dispatch/journey/router.rb:50:in `block in serve'
actionpack (6.1.4.1) lib/action_dispatch/journey/router.rb:32:in `each'
actionpack (6.1.4.1) lib/action_dispatch/journey/router.rb:32:in `serve'
actionpack (6.1.4.1) lib/action_dispatch/routing/route_set.rb:842:in `call'
rack (2.2.3) lib/rack/tempfile_reaper.rb:15:in `call'
rack (2.2.3) lib/rack/etag.rb:27:in `call'
rack (2.2.3) lib/rack/conditional_get.rb:27:in `call'
rack (2.2.3) lib/rack/head.rb:12:in `call'
actionpack (6.1.4.1) lib/action_dispatch/http/permissions_policy.rb:22:in `call'
actionpack (6.1.4.1) lib/action_dispatch/http/content_security_policy.rb:18:in `call'
rack (2.2.3) lib/rack/session/abstract/id.rb:266:in `context'
rack (2.2.3) lib/rack/session/abstract/id.rb:260:in `call'
actionpack (6.1.4.1) lib/action_dispatch/middleware/cookies.rb:689:in `call'
activerecord (6.1.4.1) lib/active_record/migration.rb:601:in `call'
actionpack (6.1.4.1) lib/action_dispatch/middleware/callbacks.rb:27:in `block in call'
activesupport (6.1.4.1) lib/active_support/callbacks.rb:98:in `run_callbacks'
actionpack (6.1.4.1) lib/action_dispatch/middleware/callbacks.rb:26:in `call'
actionpack (6.1.4.1) lib/action_dispatch/middleware/executor.rb:14:in `call'
actionpack (6.1.4.1) lib/action_dispatch/middleware/actionable_exceptions.rb:18:in `call'
actionpack (6.1.4.1) lib/action_dispatch/middleware/debug_exceptions.rb:29:in `call'
web-console (4.1.0) lib/web_console/middleware.rb:132:in `call_app'
web-console (4.1.0) lib/web_console/middleware.rb:28:in `block in call'
web-console (4.1.0) lib/web_console/middleware.rb:17:in `catch'
web-console (4.1.0) lib/web_console/middleware.rb:17:in `call'
actionpack (6.1.4.1) lib/action_dispatch/middleware/show_exceptions.rb:33:in `call'
railties (6.1.4.1) lib/rails/rack/logger.rb:37:in `call_app'
railties (6.1.4.1) lib/rails/rack/logger.rb:26:in `block in call'
activesupport (6.1.4.1) lib/active_support/tagged_logging.rb:99:in `block in tagged'
activesupport (6.1.4.1) lib/active_support/tagged_logging.rb:37:in `tagged'
activesupport (6.1.4.1) lib/active_support/tagged_logging.rb:99:in `tagged'
railties (6.1.4.1) lib/rails/rack/logger.rb:26:in `call'
sprockets-rails (3.2.2) lib/sprockets/rails/quiet_assets.rb:13:in `call'
actionpack (6.1.4.1) lib/action_dispatch/middleware/remote_ip.rb:81:in `call'
actionpack (6.1.4.1) lib/action_dispatch/middleware/request_id.rb:26:in `call'
rack (2.2.3) lib/rack/method_override.rb:24:in `call'
rack (2.2.3) lib/rack/runtime.rb:22:in `call'
activesupport (6.1.4.1) lib/active_support/cache/strategy/local_cache_middleware.rb:29:in `call'
actionpack (6.1.4.1) lib/action_dispatch/middleware/executor.rb:14:in `call'
actionpack (6.1.4.1) lib/action_dispatch/middleware/static.rb:24:in `call'
rack (2.2.3) lib/rack/sendfile.rb:110:in `call'
actionpack (6.1.4.1) lib/action_dispatch/middleware/host_authorization.rb:98:in `call'
rack-mini-profiler (2.3.3) lib/mini_profiler/profiler.rb:393:in `call'
webpacker (5.4.3) lib/webpacker/dev_server_proxy.rb:25:in `perform_request'
rack-proxy (0.7.0) lib/rack/proxy.rb:63:in `call'
railties (6.1.4.1) lib/rails/engine.rb:539:in `call'
puma (5.5.0) lib/puma/configuration.rb:249:in `call'
puma (5.5.0) lib/puma/request.rb:77:in `block in handle_request'
puma (5.5.0) lib/puma/thread_pool.rb:340:in `with_force_shutdown'
puma (5.5.0) lib/puma/request.rb:76:in `handle_request'
puma (5.5.0) lib/puma/server.rb:447:in `process_client'
puma (5.5.0) lib/puma/thread_pool.rb:147:in `block in spawn_thread'
Started GET "/" for ::1 at 2021-09-25 11:29:19 +0530
Processing by ArticlesController#index as HTML
  Rendering layout layouts/application.html.erb
  Rendering articles/index.html.erb within layouts/application
  [1m[35m (0.1ms)[0m  [1m[34mSELECT sqlite_version(*)[0m
  ↳ app/views/articles/index.html.erb:4
  [1m[36mArticle Load (0.1ms)[0m  [1m[34mSELECT "articles".* FROM "articles"[0m
  ↳ app/views/articles/index.html.erb:4
  Rendered articles/index.html.erb within layouts/application (Duration: 2.4ms | Allocations: 1596)
[Webpacker] Everything's up-to-date. Nothing to do
  Rendered layout layouts/application.html.erb (Duration: 5.3ms | Allocations: 4648)
Completed 200 OK in 7ms (Views: 5.9ms | ActiveRecord: 0.3ms | Allocations: 5969)


Started GET "/" for ::1 at 2021-09-25 11:30:14 +0530
Processing by ArticlesController#index as HTML
  Rendering layout layouts/application.html.erb
  Rendering articles/index.html.erb within layouts/application
  [1m[36mArticle Load (0.2ms)[0m  [1m[34mSELECT "articles".* FROM "articles"[0m
  ↳ app/views/articles/index.html.erb:4
  Rendered articles/index.html.erb within layouts/application (Duration: 6.3ms | Allocations: 940)
[Webpacker] Everything's up-to-date. Nothing to do
  Rendered layout layouts/application.html.erb (Duration: 19.4ms | Allocations: 4176)
Completed 200 OK in 27ms (Views: 23.4ms | ActiveRecord: 0.2ms | Allocations: 5603)


Started GET "/articles/1" for ::1 at 2021-09-25 11:30:18 +0530
Processing by ArticlesController#show as HTML
  Parameters: {"id"=>"1"}
  [1m[36mArticle Load (0.2ms)[0m  [1m[34mSELECT "articles".* FROM "articles" WHERE "articles"."id" = ? LIMIT ?[0m  [["id", 1], ["LIMIT", 1]]
  ↳ app/controllers/articles_controller.rb:6:in `show'
Completed 404 Not Found in 28ms (ActiveRecord: 1.5ms | Allocations: 4611)


  
ActiveRecord::RecordNotFound (Couldn't find Article with 'id'=1):
  
app/controllers/articles_controller.rb:6:in `show'
Started GET "/articles/1" for ::1 at 2021-09-25 11:30:28 +0530
Processing by ArticlesController#show as HTML
  Parameters: {"id"=>"1"}
  [1m[36mArticle Load (0.1ms)[0m  [1m[34mSELECT "articles".* FROM "articles" WHERE "articles"."id" = ? LIMIT ?[0m  [["id", 1], ["LIMIT", 1]]
  ↳ app/controllers/articles_controller.rb:6:in `show'
Completed 404 Not Found in 2ms (ActiveRecord: 0.1ms | Allocations: 1152)


  
ActiveRecord::RecordNotFound (Couldn't find Article with 'id'=1):
  
app/controllers/articles_controller.rb:6:in `show'
Started GET "/articles/1" for ::1 at 2021-09-25 11:43:07 +0530
Processing by ArticlesController#show as HTML
  Parameters: {"id"=>"1"}
  [1m[35m (0.1ms)[0m  [1m[34mSELECT sqlite_version(*)[0m
  ↳ app/controllers/articles_controller.rb:6:in `show'
  [1m[36mArticle Load (0.1ms)[0m  [1m[34mSELECT "articles".* FROM "articles" WHERE "articles"."id" = ? LIMIT ?[0m  [["id", 1], ["LIMIT", 1]]
  ↳ app/controllers/articles_controller.rb:6:in `show'
Completed 404 Not Found in 7ms (ActiveRecord: 0.5ms | Allocations: 3025)


  
ActiveRecord::RecordNotFound (Couldn't find Article with 'id'=1):
  
app/controllers/articles_controller.rb:6:in `show'
Started GET "/articles/1" for ::1 at 2021-09-25 11:45:13 +0530
Processing by ArticlesController#show as HTML
  Parameters: {"id"=>"1"}
  [1m[35m (0.1ms)[0m  [1m[34mSELECT sqlite_version(*)[0m
  ↳ app/controllers/articles_controller.rb:7:in `show'
  [1m[36mArticle Load (0.1ms)[0m  [1m[34mSELECT "articles".* FROM "articles" WHERE "articles"."id" = ? LIMIT ?[0m  [["id", 1], ["LIMIT", 1]]
  ↳ app/controllers/articles_controller.rb:7:in `show'
Completed 404 Not Found in 6ms (ActiveRecord: 0.9ms | Allocations: 3414)


  
ActiveRecord::RecordNotFound (Couldn't find Article with 'id'=1):
  
app/controllers/articles_controller.rb:7:in `show'
Started GET "/" for ::1 at 2021-09-25 11:46:24 +0530
Processing by ArticlesController#index as HTML
  Rendering layout layouts/application.html.erb
  Rendering articles/index.html.erb within layouts/application
  [1m[36mArticle Load (0.3ms)[0m  [1m[34mSELECT "articles".* FROM "articles"[0m
  ↳ app/views/articles/index.html.erb:4
  Rendered articles/index.html.erb within layouts/application (Duration: 4.9ms | Allocations: 978)
[Webpacker] Everything's up-to-date. Nothing to do
  Rendered layout layouts/application.html.erb (Duration: 16.7ms | Allocations: 4222)
Completed 200 OK in 23ms (Views: 19.9ms | ActiveRecord: 0.3ms | Allocations: 5620)


Started GET "/" for ::1 at 2021-09-25 11:47:26 +0530
Processing by ArticlesController#index as HTML
  Rendering layout layouts/application.html.erb
  Rendering articles/index.html.erb within layouts/application
  [1m[36mArticle Load (0.2ms)[0m  [1m[34mSELECT "articles".* FROM "articles"[0m
  ↳ app/views/articles/index.html.erb:4
  Rendered articles/index.html.erb within layouts/application (Duration: 6.7ms | Allocations: 940)
[Webpacker] Everything's up-to-date. Nothing to do
  Rendered layout layouts/application.html.erb (Duration: 21.0ms | Allocations: 4176)
Completed 200 OK in 28ms (Views: 25.1ms | ActiveRecord: 0.2ms | Allocations: 5558)


Started GET "/" for ::1 at 2021-09-25 11:57:38 +0530
Processing by ArticlesController#index as HTML
  Rendering layout layouts/application.html.erb
  Rendering articles/index.html.erb within layouts/application
  [1m[35m (0.1ms)[0m  [1m[34mSELECT sqlite_version(*)[0m
  ↳ app/views/articles/index.html.erb:4
  [1m[36mArticle Load (0.1ms)[0m  [1m[34mSELECT "articles".* FROM "articles"[0m
  ↳ app/views/articles/index.html.erb:4
  Rendered articles/index.html.erb within layouts/application (Duration: 2.8ms | Allocations: 1743)
[Webpacker] Everything's up-to-date. Nothing to do
  Rendered layout layouts/application.html.erb (Duration: 6.0ms | Allocations: 4958)
Completed 200 OK in 9ms (Views: 7.0ms | ActiveRecord: 0.3ms | Allocations: 7180)


Started GET "/" for ::1 at 2021-09-25 11:57:39 +0530
Processing by ArticlesController#index as HTML
  Rendering layout layouts/application.html.erb
  Rendering articles/index.html.erb within layouts/application
  [1m[36mArticle Load (0.2ms)[0m  [1m[34mSELECT "articles".* FROM "articles"[0m
  ↳ app/views/articles/index.html.erb:4
  Rendered articles/index.html.erb within layouts/application (Duration: 5.4ms | Allocations: 672)
[Webpacker] Everything's up-to-date. Nothing to do
  Rendered layout layouts/application.html.erb (Duration: 18.3ms | Allocations: 3513)
Completed 200 OK in 21ms (Views: 19.5ms | ActiveRecord: 0.2ms | Allocations: 4023)


Started GET "/articles/new" for ::1 at 2021-09-25 11:58:18 +0530
Processing by ArticlesController#new as HTML
  Rendering layout layouts/application.html.erb
  Rendering articles/new.html.erb within layouts/application
  Rendered articles/new.html.erb within layouts/application (Duration: 92.4ms | Allocations: 7292)
[Webpacker] Everything's up-to-date. Nothing to do
  Rendered layout layouts/application.html.erb (Duration: 96.3ms | Allocations: 10168)
Completed 200 OK in 103ms (Views: 97.8ms | ActiveRecord: 0.0ms | Allocations: 13560)


Started GET "/articles/new" for ::1 at 2021-09-25 11:58:24 +0530
Processing by ArticlesController#new as HTML
  Rendering layout layouts/application.html.erb
  Rendering articles/new.html.erb within layouts/application
  Rendered articles/new.html.erb within layouts/application (Duration: 1.5ms | Allocations: 709)
[Webpacker] Everything's up-to-date. Nothing to do
  Rendered layout layouts/application.html.erb (Duration: 4.9ms | Allocations: 3530)
Completed 200 OK in 6ms (Views: 5.5ms | ActiveRecord: 0.0ms | Allocations: 4060)


Started GET "/" for ::1 at 2021-09-25 11:58:29 +0530
Processing by ArticlesController#index as HTML
  Rendering layout layouts/application.html.erb
  Rendering articles/index.html.erb within layouts/application
  [1m[36mArticle Load (0.2ms)[0m  [1m[34mSELECT "articles".* FROM "articles"[0m
  ↳ app/views/articles/index.html.erb:4
  Rendered articles/index.html.erb within layouts/application (Duration: 4.3ms | Allocations: 746)
[Webpacker] Everything's up-to-date. Nothing to do
  Rendered layout layouts/application.html.erb (Duration: 12.8ms | Allocations: 3579)
Completed 200 OK in 15ms (Views: 13.6ms | ActiveRecord: 0.2ms | Allocations: 4036)


Started POST "/articles" for ::1 at 2021-09-25 11:58:37 +0530
Processing by ArticlesController#create as HTML
  Parameters: {"authenticity_token"=>"[FILTERED]", "article"=>{"title"=>"hyfufyydtuy", "body"=>"vfgtjguyrteytr6uethhd"}, "commit"=>"Create Article"}
  [1m[36mTRANSACTION (0.2ms)[0m  [1m[36mbegin transaction[0m
  ↳ app/controllers/articles_controller.rb:17:in `create'
  [1m[36mArticle Create (0.6ms)[0m  [1m[32mINSERT INTO "articles" ("title", "body", "created_at", "updated_at") VALUES (?, ?, ?, ?)[0m  [["title", "hyfufyydtuy"], ["body", "vfgtjguyrteytr6uethhd"], ["created_at", "2021-09-25 06:28:37.670376"], ["updated_at", "2021-09-25 06:28:37.670376"]]
  ↳ app/controllers/articles_controller.rb:17:in `create'
  [1m[36mTRANSACTION (2.6ms)[0m  [1m[36mcommit transaction[0m
  ↳ app/controllers/articles_controller.rb:17:in `create'
Redirected to http://localhost:3000/articles/1
Completed 302 Found in 32ms (ActiveRecord: 3.4ms | Allocations: 5413)


Started GET "/articles/1" for ::1 at 2021-09-25 11:58:37 +0530
Processing by ArticlesController#show as HTML
  Parameters: {"id"=>"1"}
  [1m[36mArticle Load (0.2ms)[0m  [1m[34mSELECT "articles".* FROM "articles" WHERE "articles"."id" = ? LIMIT ?[0m  [["id", 1], ["LIMIT", 1]]
  ↳ app/controllers/articles_controller.rb:7:in `show'
  Rendering layout layouts/application.html.erb
  Rendering articles/show.html.erb within layouts/application
  Rendered articles/show.html.erb within layouts/application (Duration: 0.3ms | Allocations: 165)
[Webpacker] Everything's up-to-date. Nothing to do
  Rendered layout layouts/application.html.erb (Duration: 3.1ms | Allocations: 3006)
Completed 200 OK in 7ms (Views: 3.5ms | ActiveRecord: 0.2ms | Allocations: 4351)


Started GET "/articles/new" for ::1 at 2021-09-25 11:59:07 +0530
Processing by ArticlesController#new as HTML
  Rendering layout layouts/application.html.erb
  Rendering articles/new.html.erb within layouts/application
  Rendered articles/new.html.erb within layouts/application (Duration: 2.0ms | Allocations: 681)
[Webpacker] Everything's up-to-date. Nothing to do
  Rendered layout layouts/application.html.erb (Duration: 15.1ms | Allocations: 3501)
Completed 200 OK in 19ms (Views: 17.3ms | ActiveRecord: 0.0ms | Allocations: 3957)


Started GET "/articles/1" for ::1 at 2021-09-25 12:01:03 +0530
Processing by ArticlesController#show as HTML
  Parameters: {"id"=>"1"}
  [1m[35m (0.0ms)[0m  [1m[34mSELECT sqlite_version(*)[0m
  ↳ app/controllers/articles_controller.rb:7:in `show'
  [1m[36mArticle Load (0.1ms)[0m  [1m[34mSELECT "articles".* FROM "articles" WHERE "articles"."id" = ? LIMIT ?[0m  [["id", 1], ["LIMIT", 1]]
  ↳ app/controllers/articles_controller.rb:7:in `show'
  Rendering layout layouts/application.html.erb
  Rendering articles/show.html.erb within layouts/application
  Rendered articles/show.html.erb within layouts/application (Duration: 0.4ms | Allocations: 184)
[Webpacker] Everything's up-to-date. Nothing to do
  Rendered layout layouts/application.html.erb (Duration: 5.6ms | Allocations: 3403)
Completed 200 OK in 13ms (Views: 6.6ms | ActiveRecord: 0.5ms | Allocations: 9661)


Started GET "/articles/new" for ::1 at 2021-09-25 12:01:04 +0530
Processing by ArticlesController#new as HTML
  Rendering layout layouts/application.html.erb
  Rendering articles/new.html.erb within layouts/application
  Rendered articles/new.html.erb within layouts/application (Duration: 8.1ms | Allocations: 1168)
[Webpacker] Everything's up-to-date. Nothing to do
  Rendered layout layouts/application.html.erb (Duration: 13.7ms | Allocations: 3996)
Completed 200 OK in 22ms (Views: 17.3ms | ActiveRecord: 0.0ms | Allocations: 4647)


Started GET "/" for ::1 at 2021-09-25 12:01:09 +0530
Processing by ArticlesController#index as HTML
  Rendering layout layouts/application.html.erb
  Rendering articles/index.html.erb within layouts/application
  [1m[36mArticle Load (0.5ms)[0m  [1m[34mSELECT "articles".* FROM "articles"[0m
  ↳ app/views/articles/index.html.erb:4
  Rendered articles/index.html.erb within layouts/application (Duration: 7.4ms | Allocations: 1037)
[Webpacker] Everything's up-to-date. Nothing to do
  Rendered layout layouts/application.html.erb (Duration: 20.0ms | Allocations: 3877)
Completed 200 OK in 23ms (Views: 20.8ms | ActiveRecord: 0.5ms | Allocations: 4464)


Started GET "/articles/1" for ::1 at 2021-09-25 12:01:11 +0530
Processing by ArticlesController#show as HTML
  Parameters: {"id"=>"1"}
  [1m[36mArticle Load (0.2ms)[0m  [1m[34mSELECT "articles".* FROM "articles" WHERE "articles"."id" = ? LIMIT ?[0m  [["id", 1], ["LIMIT", 1]]
  ↳ app/controllers/articles_controller.rb:7:in `show'
  Rendering layout layouts/application.html.erb
  Rendering articles/show.html.erb within layouts/application
  Rendered articles/show.html.erb within layouts/application (Duration: 0.2ms | Allocations: 41)
[Webpacker] Everything's up-to-date. Nothing to do
  Rendered layout layouts/application.html.erb (Duration: 13.5ms | Allocations: 2987)
Completed 200 OK in 18ms (Views: 14.8ms | ActiveRecord: 0.2ms | Allocations: 4024)


Started GET "/articles/new" for ::1 at 2021-09-25 12:02:50 +0530
Processing by ArticlesController#new as HTML
  Rendering layout layouts/application.html.erb
  Rendering articles/new.html.erb within layouts/application
  Rendered articles/new.html.erb within layouts/application (Duration: 6.0ms | Allocations: 1163)
[Webpacker] Everything's up-to-date. Nothing to do
  Rendered layout layouts/application.html.erb (Duration: 19.5ms | Allocations: 4361)
Completed 200 OK in 27ms (Views: 23.8ms | ActiveRecord: 0.0ms | Allocations: 5705)


Started GET "/articles/1" for ::1 at 2021-09-25 12:02:52 +0530
Processing by ArticlesController#show as HTML
  Parameters: {"id"=>"1"}
  [1m[36mArticle Load (0.2ms)[0m  [1m[34mSELECT "articles".* FROM "articles" WHERE "articles"."id" = ? LIMIT ?[0m  [["id", 1], ["LIMIT", 1]]
  ↳ app/controllers/articles_controller.rb:7:in `show'
  Rendering layout layouts/application.html.erb
  Rendering articles/show.html.erb within layouts/application
  Rendered articles/show.html.erb within layouts/application (Duration: 3.8ms | Allocations: 139)
[Webpacker] Everything's up-to-date. Nothing to do
  Rendered layout layouts/application.html.erb (Duration: 41.0ms | Allocations: 2972)
Completed 200 OK in 45ms (Views: 41.7ms | ActiveRecord: 0.2ms | Allocations: 4212)


Started GET "/articles" for ::1 at 2021-09-25 12:02:59 +0530
Processing by ArticlesController#index as HTML
  Rendering layout layouts/application.html.erb
  Rendering articles/index.html.erb within layouts/application
  [1m[36mArticle Load (0.1ms)[0m  [1m[34mSELECT "articles".* FROM "articles"[0m
  ↳ app/views/articles/index.html.erb:4
  Rendered articles/index.html.erb within layouts/application (Duration: 13.8ms | Allocations: 944)
[Webpacker] Everything's up-to-date. Nothing to do
  Rendered layout layouts/application.html.erb (Duration: 47.3ms | Allocations: 3784)
Completed 200 OK in 52ms (Views: 49.4ms | ActiveRecord: 0.1ms | Allocations: 4367)


Started GET "/articles/1/edit" for ::1 at 2021-09-25 12:04:01 +0530
Processing by ArticlesController#edit as HTML
  Parameters: {"id"=>"1"}
  [1m[36mArticle Load (0.1ms)[0m  [1m[34mSELECT "articles".* FROM "articles" WHERE "articles"."id" = ? LIMIT ?[0m  [["id", 1], ["LIMIT", 1]]
  ↳ app/controllers/articles_controller.rb:25:in `edit'
  Rendering layout layouts/application.html.erb
  Rendering articles/edit.html.erb within layouts/application
  Rendered articles/_form.html.erb (Duration: 1.6ms | Allocations: 1201)
  Rendered articles/edit.html.erb within layouts/application (Duration: 2.1ms | Allocations: 1544)
[Webpacker] Everything's up-to-date. Nothing to do
  Rendered layout layouts/application.html.erb (Duration: 5.5ms | Allocations: 4742)
Completed 200 OK in 9ms (Views: 6.7ms | ActiveRecord: 0.1ms | Allocations: 6609)


Started PATCH "/articles/1" for ::1 at 2021-09-25 12:04:09 +0530
Processing by ArticlesController#update as HTML
  Parameters: {"authenticity_token"=>"[FILTERED]", "article"=>{"title"=>"hyfufyydtuy", "body"=>"vfgtjguyrteytr6uethhd"}, "commit"=>"Update Article", "id"=>"1"}
  [1m[36mArticle Load (0.2ms)[0m  [1m[34mSELECT "articles".* FROM "articles" WHERE "articles"."id" = ? LIMIT ?[0m  [["id", 1], ["LIMIT", 1]]
  ↳ app/controllers/articles_controller.rb:29:in `update'
Redirected to http://localhost:3000/articles/1
Completed 302 Found in 4ms (ActiveRecord: 0.2ms | Allocations: 1435)


Started GET "/articles/1" for ::1 at 2021-09-25 12:04:09 +0530
Processing by ArticlesController#show as HTML
  Parameters: {"id"=>"1"}
  [1m[36mArticle Load (0.1ms)[0m  [1m[34mSELECT "articles".* FROM "articles" WHERE "articles"."id" = ? LIMIT ?[0m  [["id", 1], ["LIMIT", 1]]
  ↳ app/controllers/articles_controller.rb:7:in `show'
  Rendering layout layouts/application.html.erb
  Rendering articles/show.html.erb within layouts/application
  Rendered articles/show.html.erb within layouts/application (Duration: 0.4ms | Allocations: 137)
[Webpacker] Everything's up-to-date. Nothing to do
  Rendered layout layouts/application.html.erb (Duration: 6.1ms | Allocations: 2970)
Completed 200 OK in 12ms (Views: 8.5ms | ActiveRecord: 0.1ms | Allocations: 4098)


Started GET "/articles/1" for ::1 at 2021-09-25 12:04:32 +0530
Processing by ArticlesController#show as HTML
  Parameters: {"id"=>"1"}
  [1m[36mArticle Load (0.3ms)[0m  [1m[34mSELECT "articles".* FROM "articles" WHERE "articles"."id" = ? LIMIT ?[0m  [["id", 1], ["LIMIT", 1]]
  ↳ app/controllers/articles_controller.rb:7:in `show'
  Rendering layout layouts/application.html.erb
  Rendering articles/show.html.erb within layouts/application
  Rendered articles/show.html.erb within layouts/application (Duration: 1.7ms | Allocations: 281)
[Webpacker] Everything's up-to-date. Nothing to do
  Rendered layout layouts/application.html.erb (Duration: 16.1ms | Allocations: 3507)
Completed 200 OK in 27ms (Views: 20.1ms | ActiveRecord: 0.3ms | Allocations: 5376)


Started GET "/articles/1/edit" for ::1 at 2021-09-25 12:04:33 +0530
Processing by ArticlesController#edit as HTML
  Parameters: {"id"=>"1"}
  [1m[36mArticle Load (0.1ms)[0m  [1m[34mSELECT "articles".* FROM "articles" WHERE "articles"."id" = ? LIMIT ?[0m  [["id", 1], ["LIMIT", 1]]
  ↳ app/controllers/articles_controller.rb:25:in `edit'
  Rendering layout layouts/application.html.erb
  Rendering articles/edit.html.erb within layouts/application
  Rendered articles/_form.html.erb (Duration: 2.6ms | Allocations: 1179)
  Rendered articles/edit.html.erb within layouts/application (Duration: 3.4ms | Allocations: 1511)
[Webpacker] Everything's up-to-date. Nothing to do
  Rendered layout layouts/application.html.erb (Duration: 8.5ms | Allocations: 4340)
Completed 200 OK in 12ms (Views: 9.1ms | ActiveRecord: 0.1ms | Allocations: 5605)


Started PATCH "/articles/1" for ::1 at 2021-09-25 12:04:42 +0530
Processing by ArticlesController#update as HTML
  Parameters: {"authenticity_token"=>"[FILTERED]", "article"=>{"title"=>"hyfufyydtuy1", "body"=>"vfgtjguyrteytr6uethhd"}, "commit"=>"Update Article", "id"=>"1"}
  [1m[36mArticle Load (0.2ms)[0m  [1m[34mSELECT "articles".* FROM "articles" WHERE "articles"."id" = ? LIMIT ?[0m  [["id", 1], ["LIMIT", 1]]
  ↳ app/controllers/articles_controller.rb:29:in `update'
  [1m[36mTRANSACTION (0.1ms)[0m  [1m[36mbegin transaction[0m
  ↳ app/controllers/articles_controller.rb:31:in `update'
  [1m[36mArticle Update (5.0ms)[0m  [1m[33mUPDATE "articles" SET "title" = ?, "updated_at" = ? WHERE "articles"."id" = ?[0m  [["title", "hyfufyydtuy1"], ["updated_at", "2021-09-25 06:34:42.661520"], ["id", 1]]
  ↳ app/controllers/articles_controller.rb:31:in `update'
  [1m[36mTRANSACTION (13.1ms)[0m  [1m[36mcommit transaction[0m
  ↳ app/controllers/articles_controller.rb:31:in `update'
Redirected to http://localhost:3000/articles/1
Completed 302 Found in 34ms (ActiveRecord: 18.4ms | Allocations: 5326)


Started GET "/articles/1" for ::1 at 2021-09-25 12:04:42 +0530
Processing by ArticlesController#show as HTML
  Parameters: {"id"=>"1"}
  [1m[36mArticle Load (0.1ms)[0m  [1m[34mSELECT "articles".* FROM "articles" WHERE "articles"."id" = ? LIMIT ?[0m  [["id", 1], ["LIMIT", 1]]
  ↳ app/controllers/articles_controller.rb:7:in `show'
  Rendering layout layouts/application.html.erb
  Rendering articles/show.html.erb within layouts/application
  Rendered articles/show.html.erb within layouts/application (Duration: 0.3ms | Allocations: 77)
[Webpacker] Everything's up-to-date. Nothing to do
  Rendered layout layouts/application.html.erb (Duration: 4.8ms | Allocations: 2917)
Completed 200 OK in 8ms (Views: 5.7ms | ActiveRecord: 0.1ms | Allocations: 3902)


Started GET "/articles/1/edit" for ::1 at 2021-09-25 12:04:47 +0530
Processing by ArticlesController#edit as HTML
  Parameters: {"id"=>"1"}
  [1m[36mArticle Load (0.1ms)[0m  [1m[34mSELECT "articles".* FROM "articles" WHERE "articles"."id" = ? LIMIT ?[0m  [["id", 1], ["LIMIT", 1]]
  ↳ app/controllers/articles_controller.rb:25:in `edit'
  Rendering layout layouts/application.html.erb
  Rendering articles/edit.html.erb within layouts/application
  Rendered articles/_form.html.erb (Duration: 13.0ms | Allocations: 713)
  Rendered articles/edit.html.erb within layouts/application (Duration: 15.3ms | Allocations: 805)
[Webpacker] Everything's up-to-date. Nothing to do
  Rendered layout layouts/application.html.erb (Duration: 47.1ms | Allocations: 3625)
Completed 200 OK in 53ms (Views: 49.7ms | ActiveRecord: 0.1ms | Allocations: 4608)


Started GET "/articles/1" for ::1 at 2021-09-25 12:04:48 +0530
Processing by ArticlesController#show as HTML
  Parameters: {"id"=>"1"}
  [1m[36mArticle Load (0.2ms)[0m  [1m[34mSELECT "articles".* FROM "articles" WHERE "articles"."id" = ? LIMIT ?[0m  [["id", 1], ["LIMIT", 1]]
  ↳ app/controllers/articles_controller.rb:7:in `show'
  Rendering layout layouts/application.html.erb
  Rendering articles/show.html.erb within layouts/application
  Rendered articles/show.html.erb within layouts/application (Duration: 0.4ms | Allocations: 77)
[Webpacker] Everything's up-to-date. Nothing to do
  Rendered layout layouts/application.html.erb (Duration: 8.7ms | Allocations: 2909)
Completed 200 OK in 14ms (Views: 9.6ms | ActiveRecord: 0.2ms | Allocations: 3896)


Started GET "/articles/1/edit" for ::1 at 2021-09-25 12:04:50 +0530
Processing by ArticlesController#edit as HTML
  Parameters: {"id"=>"1"}
  [1m[36mArticle Load (0.2ms)[0m  [1m[34mSELECT "articles".* FROM "articles" WHERE "articles"."id" = ? LIMIT ?[0m  [["id", 1], ["LIMIT", 1]]
  ↳ app/controllers/articles_controller.rb:25:in `edit'
  Rendering layout layouts/application.html.erb
  Rendering articles/edit.html.erb within layouts/application
  Rendered articles/_form.html.erb (Duration: 1.6ms | Allocations: 713)
  Rendered articles/edit.html.erb within layouts/application (Duration: 1.9ms | Allocations: 805)
[Webpacker] Everything's up-to-date. Nothing to do
  Rendered layout layouts/application.html.erb (Duration: 18.2ms | Allocations: 3625)
Completed 200 OK in 23ms (Views: 19.0ms | ActiveRecord: 0.2ms | Allocations: 4609)


Started GET "/articles/1/edit" for ::1 at 2021-09-25 12:06:31 +0530
Processing by ArticlesController#edit as HTML
  Parameters: {"id"=>"1"}
  [1m[35m (0.1ms)[0m  [1m[34mSELECT sqlite_version(*)[0m
  ↳ app/controllers/articles_controller.rb:25:in `edit'
  [1m[36mArticle Load (0.2ms)[0m  [1m[34mSELECT "articles".* FROM "articles" WHERE "articles"."id" = ? LIMIT ?[0m  [["id", 1], ["LIMIT", 1]]
  ↳ app/controllers/articles_controller.rb:25:in `edit'
  Rendering layout layouts/application.html.erb
  Rendering articles/edit.html.erb within layouts/application
  Rendered articles/_form.html.erb (Duration: 2.3ms | Allocations: 1269)
  Rendered articles/edit.html.erb within layouts/application (Duration: 2.9ms | Allocations: 1610)
[Webpacker] Everything's up-to-date. Nothing to do
  Rendered layout layouts/application.html.erb (Duration: 7.2ms | Allocations: 4795)
Completed 200 OK in 18ms (Views: 8.3ms | ActiveRecord: 0.9ms | Allocations: 11114)


Started PATCH "/articles/1" for ::1 at 2021-09-25 12:06:34 +0530
Processing by ArticlesController#update as HTML
  Parameters: {"authenticity_token"=>"[FILTERED]", "article"=>{"title"=>"hyfufyydtuy1", "body"=>"vfgtjguyrteytr6uethhd"}, "commit"=>"Update Article", "id"=>"1"}
  [1m[36mArticle Load (0.2ms)[0m  [1m[34mSELECT "articles".* FROM "articles" WHERE "articles"."id" = ? LIMIT ?[0m  [["id", 1], ["LIMIT", 1]]
  ↳ app/controllers/articles_controller.rb:29:in `update'
Redirected to http://localhost:3000/articles/1
Completed 302 Found in 5ms (ActiveRecord: 0.2ms | Allocations: 1393)


Started GET "/articles/1" for ::1 at 2021-09-25 12:06:34 +0530
Processing by ArticlesController#show as HTML
  Parameters: {"id"=>"1"}
  [1m[36mArticle Load (0.1ms)[0m  [1m[34mSELECT "articles".* FROM "articles" WHERE "articles"."id" = ? LIMIT ?[0m  [["id", 1], ["LIMIT", 1]]
  ↳ app/controllers/articles_controller.rb:7:in `show'
  Rendering layout layouts/application.html.erb
  Rendering articles/show.html.erb within layouts/application
  Rendered articles/show.html.erb within layouts/application (Duration: 0.8ms | Allocations: 274)
[Webpacker] Everything's up-to-date. Nothing to do
  Rendered layout layouts/application.html.erb (Duration: 4.0ms | Allocations: 3114)
Completed 200 OK in 14ms (Views: 4.5ms | ActiveRecord: 0.1ms | Allocations: 4244)


  [1m[35m (0.5ms)[0m  [1m[34mSELECT sqlite_version(*)[0m
  [1m[35m (0.1ms)[0m  [1m[34mSELECT "schema_migrations"."version" FROM "schema_migrations" ORDER BY "schema_migrations"."version" ASC[0m
Migrating to CreateComments (20210925063705)
  [1m[36mTRANSACTION (0.1ms)[0m  [1m[36mbegin transaction[0m
  [1m[35m (0.2ms)[0m  [1m[35mCREATE TABLE "comments" ("id" integer PRIMARY KEY AUTOINCREMENT NOT NULL, "commenter" varchar, "body" text, "article_id" integer NOT NULL, "created_at" datetime(6) NOT NULL, "updated_at" datetime(6) NOT NULL, CONSTRAINT "fk_rails_3bf61a60d3"
FOREIGN KEY ("article_id")
  REFERENCES "articles" ("id")
)[0m
  [1m[35m (1.3ms)[0m  [1m[35mCREATE INDEX "index_comments_on_article_id" ON "comments" ("article_id")[0m
  [1m[36mActiveRecord::SchemaMigration Create (0.3ms)[0m  [1m[32mINSERT INTO "schema_migrations" ("version") VALUES (?)[0m  [["version", "20210925063705"]]
  [1m[36mTRANSACTION (2.7ms)[0m  [1m[36mcommit transaction[0m
  [1m[36mActiveRecord::InternalMetadata Load (0.1ms)[0m  [1m[34mSELECT "ar_internal_metadata".* FROM "ar_internal_metadata" WHERE "ar_internal_metadata"."key" = ? LIMIT ?[0m  [["key", "environment"], ["LIMIT", 1]]
  [1m[35m (0.6ms)[0m  [1m[34mSELECT sqlite_version(*)[0m
  [1m[35m (1.2ms)[0m  [1m[34mSELECT "schema_migrations"."version" FROM "schema_migrations" ORDER BY "schema_migrations"."version" ASC[0m
Started GET "/articles/1" for ::1 at 2021-09-25 12:11:56 +0530
  [1m[35m (0.1ms)[0m  [1m[34mSELECT sqlite_version(*)[0m
  [1m[35m (0.1ms)[0m  [1m[34mSELECT "schema_migrations"."version" FROM "schema_migrations" ORDER BY "schema_migrations"."version" ASC[0m
Processing by ArticlesController#show as HTML
  Parameters: {"id"=>"1"}
  [1m[36mArticle Load (0.1ms)[0m  [1m[34mSELECT "articles".* FROM "articles" WHERE "articles"."id" = ? LIMIT ?[0m  [["id", 1], ["LIMIT", 1]]
  ↳ app/controllers/articles_controller.rb:7:in `show'
  Rendering layout layouts/application.html.erb
  Rendering articles/show.html.erb within layouts/application
  Rendered articles/show.html.erb within layouts/application (Duration: 25.6ms | Allocations: 12136)
[Webpacker] Everything's up-to-date. Nothing to do
  Rendered layout layouts/application.html.erb (Duration: 43.2ms | Allocations: 23345)
Completed 200 OK in 55ms (Views: 44.0ms | ActiveRecord: 1.1ms | Allocations: 30028)


Started POST "/articles/1/comments" for ::1 at 2021-09-25 12:12:02 +0530
  
AbstractController::ActionNotFound (The action 'create' could not be found for CommentsController):
  
actionpack (6.1.4.1) lib/abstract_controller/base.rb:160:in `process'
actionview (6.1.4.1) lib/action_view/rendering.rb:39:in `process'
actionpack (6.1.4.1) lib/action_controller/metal.rb:190:in `dispatch'
actionpack (6.1.4.1) lib/action_controller/metal.rb:254:in `dispatch'
actionpack (6.1.4.1) lib/action_dispatch/routing/route_set.rb:50:in `dispatch'
actionpack (6.1.4.1) lib/action_dispatch/routing/route_set.rb:33:in `serve'
actionpack (6.1.4.1) lib/action_dispatch/journey/router.rb:50:in `block in serve'
actionpack (6.1.4.1) lib/action_dispatch/journey/router.rb:32:in `each'
actionpack (6.1.4.1) lib/action_dispatch/journey/router.rb:32:in `serve'
actionpack (6.1.4.1) lib/action_dispatch/routing/route_set.rb:842:in `call'
rack (2.2.3) lib/rack/tempfile_reaper.rb:15:in `call'
rack (2.2.3) lib/rack/etag.rb:27:in `call'
rack (2.2.3) lib/rack/conditional_get.rb:40:in `call'
rack (2.2.3) lib/rack/head.rb:12:in `call'
actionpack (6.1.4.1) lib/action_dispatch/http/permissions_policy.rb:22:in `call'
actionpack (6.1.4.1) lib/action_dispatch/http/content_security_policy.rb:18:in `call'
rack (2.2.3) lib/rack/session/abstract/id.rb:266:in `context'
rack (2.2.3) lib/rack/session/abstract/id.rb:260:in `call'
actionpack (6.1.4.1) lib/action_dispatch/middleware/cookies.rb:689:in `call'
activerecord (6.1.4.1) lib/active_record/migration.rb:601:in `call'
actionpack (6.1.4.1) lib/action_dispatch/middleware/callbacks.rb:27:in `block in call'
activesupport (6.1.4.1) lib/active_support/callbacks.rb:98:in `run_callbacks'
actionpack (6.1.4.1) lib/action_dispatch/middleware/callbacks.rb:26:in `call'
actionpack (6.1.4.1) lib/action_dispatch/middleware/executor.rb:14:in `call'
actionpack (6.1.4.1) lib/action_dispatch/middleware/actionable_exceptions.rb:18:in `call'
actionpack (6.1.4.1) lib/action_dispatch/middleware/debug_exceptions.rb:29:in `call'
web-console (4.1.0) lib/web_console/middleware.rb:132:in `call_app'
web-console (4.1.0) lib/web_console/middleware.rb:28:in `block in call'
web-console (4.1.0) lib/web_console/middleware.rb:17:in `catch'
web-console (4.1.0) lib/web_console/middleware.rb:17:in `call'
actionpack (6.1.4.1) lib/action_dispatch/middleware/show_exceptions.rb:33:in `call'
railties (6.1.4.1) lib/rails/rack/logger.rb:37:in `call_app'
railties (6.1.4.1) lib/rails/rack/logger.rb:26:in `block in call'
activesupport (6.1.4.1) lib/active_support/tagged_logging.rb:99:in `block in tagged'
activesupport (6.1.4.1) lib/active_support/tagged_logging.rb:37:in `tagged'
activesupport (6.1.4.1) lib/active_support/tagged_logging.rb:99:in `tagged'
railties (6.1.4.1) lib/rails/rack/logger.rb:26:in `call'
sprockets-rails (3.2.2) lib/sprockets/rails/quiet_assets.rb:13:in `call'
actionpack (6.1.4.1) lib/action_dispatch/middleware/remote_ip.rb:81:in `call'
actionpack (6.1.4.1) lib/action_dispatch/middleware/request_id.rb:26:in `call'
rack (2.2.3) lib/rack/method_override.rb:24:in `call'
rack (2.2.3) lib/rack/runtime.rb:22:in `call'
activesupport (6.1.4.1) lib/active_support/cache/strategy/local_cache_middleware.rb:29:in `call'
actionpack (6.1.4.1) lib/action_dispatch/middleware/executor.rb:14:in `call'
actionpack (6.1.4.1) lib/action_dispatch/middleware/static.rb:24:in `call'
rack (2.2.3) lib/rack/sendfile.rb:110:in `call'
actionpack (6.1.4.1) lib/action_dispatch/middleware/host_authorization.rb:98:in `call'
rack-mini-profiler (2.3.3) lib/mini_profiler/profiler.rb:393:in `call'
webpacker (5.4.3) lib/webpacker/dev_server_proxy.rb:25:in `perform_request'
rack-proxy (0.7.0) lib/rack/proxy.rb:63:in `call'
railties (6.1.4.1) lib/rails/engine.rb:539:in `call'
puma (5.5.0) lib/puma/configuration.rb:249:in `call'
puma (5.5.0) lib/puma/request.rb:77:in `block in handle_request'
puma (5.5.0) lib/puma/thread_pool.rb:340:in `with_force_shutdown'
puma (5.5.0) lib/puma/request.rb:76:in `handle_request'
puma (5.5.0) lib/puma/server.rb:447:in `process_client'
puma (5.5.0) lib/puma/thread_pool.rb:147:in `block in spawn_thread'
Started POST "/articles/1/comments" for ::1 at 2021-09-25 12:12:55 +0530
Processing by CommentsController#create as HTML
  Parameters: {"authenticity_token"=>"[FILTERED]", "comment"=>{"commenter"=>"gghfukyhstv", "body"=>"ugktuuyjujj"}, "commit"=>"Create Comment", "article_id"=>"1"}
  [1m[35m (0.1ms)[0m  [1m[34mSELECT sqlite_version(*)[0m
  ↳ app/controllers/comments_controller.rb:3:in `create'
  [1m[36mArticle Load (0.1ms)[0m  [1m[34mSELECT "articles".* FROM "articles" WHERE "articles"."id" = ? LIMIT ?[0m  [["id", 1], ["LIMIT", 1]]
  ↳ app/controllers/comments_controller.rb:3:in `create'
  [1m[36mTRANSACTION (0.1ms)[0m  [1m[36mbegin transaction[0m
  ↳ app/controllers/comments_controller.rb:4:in `create'
  [1m[36mComment Create (0.3ms)[0m  [1m[32mINSERT INTO "comments" ("commenter", "body", "article_id", "created_at", "updated_at") VALUES (?, ?, ?, ?, ?)[0m  [["commenter", "gghfukyhstv"], ["body", "ugktuuyjujj"], ["article_id", 1], ["created_at", "2021-09-25 06:42:55.242720"], ["updated_at", "2021-09-25 06:42:55.242720"]]
  ↳ app/controllers/comments_controller.rb:4:in `create'
  [1m[36mTRANSACTION (3.1ms)[0m  [1m[36mcommit transaction[0m
  ↳ app/controllers/comments_controller.rb:4:in `create'
Redirected to http://localhost:3000/articles/1
Completed 302 Found in 27ms (ActiveRecord: 4.7ms | Allocations: 14984)


Started GET "/articles/1" for ::1 at 2021-09-25 12:12:55 +0530
Processing by ArticlesController#show as HTML
  Parameters: {"id"=>"1"}
  [1m[36mArticle Load (0.1ms)[0m  [1m[34mSELECT "articles".* FROM "articles" WHERE "articles"."id" = ? LIMIT ?[0m  [["id", 1], ["LIMIT", 1]]
  ↳ app/controllers/articles_controller.rb:7:in `show'
  Rendering layout layouts/application.html.erb
  Rendering articles/show.html.erb within layouts/application
  Rendered articles/show.html.erb within layouts/application (Duration: 2.6ms | Allocations: 1331)
[Webpacker] Everything's up-to-date. Nothing to do
  Rendered layout layouts/application.html.erb (Duration: 7.8ms | Allocations: 4445)
Completed 200 OK in 11ms (Views: 8.9ms | ActiveRecord: 0.1ms | Allocations: 5854)


Started POST "/articles/1/comments" for ::1 at 2021-09-25 12:13:01 +0530
Processing by CommentsController#create as HTML
  Parameters: {"authenticity_token"=>"[FILTERED]", "comment"=>{"commenter"=>"jkghiuyukyuurttrjh", "body"=>"rgrtyutiyrstytye"}, "commit"=>"Create Comment", "article_id"=>"1"}
  [1m[36mArticle Load (0.3ms)[0m  [1m[34mSELECT "articles".* FROM "articles" WHERE "articles"."id" = ? LIMIT ?[0m  [["id", 1], ["LIMIT", 1]]
  ↳ app/controllers/comments_controller.rb:3:in `create'
  [1m[36mTRANSACTION (0.1ms)[0m  [1m[36mbegin transaction[0m
  ↳ app/controllers/comments_controller.rb:4:in `create'
  [1m[36mComment Create (0.4ms)[0m  [1m[32mINSERT INTO "comments" ("commenter", "body", "article_id", "created_at", "updated_at") VALUES (?, ?, ?, ?, ?)[0m  [["commenter", "jkghiuyukyuurttrjh"], ["body", "rgrtyutiyrstytye"], ["article_id", 1], ["created_at", "2021-09-25 06:43:01.919707"], ["updated_at", "2021-09-25 06:43:01.919707"]]
  ↳ app/controllers/comments_controller.rb:4:in `create'
  [1m[36mTRANSACTION (8.0ms)[0m  [1m[36mcommit transaction[0m
  ↳ app/controllers/comments_controller.rb:4:in `create'
Redirected to http://localhost:3000/articles/1
Completed 302 Found in 80ms (ActiveRecord: 8.9ms | Allocations: 5578)


Started GET "/articles/1" for ::1 at 2021-09-25 12:13:02 +0530
Processing by ArticlesController#show as HTML
  Parameters: {"id"=>"1"}
  [1m[36mArticle Load (0.1ms)[0m  [1m[34mSELECT "articles".* FROM "articles" WHERE "articles"."id" = ? LIMIT ?[0m  [["id", 1], ["LIMIT", 1]]
  ↳ app/controllers/articles_controller.rb:7:in `show'
  Rendering layout layouts/application.html.erb
  Rendering articles/show.html.erb within layouts/application
  Rendered articles/show.html.erb within layouts/application (Duration: 2.2ms | Allocations: 916)
[Webpacker] Everything's up-to-date. Nothing to do
  Rendered layout layouts/application.html.erb (Duration: 5.9ms | Allocations: 3792)
Completed 200 OK in 8ms (Views: 6.4ms | ActiveRecord: 0.1ms | Allocations: 4790)


Started GET "/articles/1" for ::1 at 2021-09-25 12:13:27 +0530
Processing by ArticlesController#show as HTML
  Parameters: {"id"=>"1"}
  [1m[36mArticle Load (0.4ms)[0m  [1m[34mSELECT "articles".* FROM "articles" WHERE "articles"."id" = ? LIMIT ?[0m  [["id", 1], ["LIMIT", 1]]
  ↳ app/controllers/articles_controller.rb:7:in `show'
  Rendering layout layouts/application.html.erb
  Rendering articles/show.html.erb within layouts/application
  [1m[36mComment Load (0.5ms)[0m  [1m[34mSELECT "comments".* FROM "comments" WHERE "comments"."article_id" = ?[0m  [["article_id", 1]]
  ↳ app/views/articles/show.html.erb:13
  Rendered articles/show.html.erb within layouts/application (Duration: 15.0ms | Allocations: 2596)
[Webpacker] Everything's up-to-date. Nothing to do
  Rendered layout layouts/application.html.erb (Duration: 26.6ms | Allocations: 5849)
Completed 200 OK in 38ms (Views: 30.2ms | ActiveRecord: 0.9ms | Allocations: 7746)


Started GET "/articles/1" for ::1 at 2021-09-25 12:15:22 +0530
Processing by ArticlesController#show as HTML
  Parameters: {"id"=>"1"}
  [1m[36mArticle Load (0.3ms)[0m  [1m[34mSELECT "articles".* FROM "articles" WHERE "articles"."id" = ? LIMIT ?[0m  [["id", 1], ["LIMIT", 1]]
  ↳ app/controllers/articles_controller.rb:7:in `show'
  Rendering layout layouts/application.html.erb
  Rendering articles/show.html.erb within layouts/application
  [1m[36mComment Load (0.3ms)[0m  [1m[34mSELECT "comments".* FROM "comments" WHERE "comments"."article_id" = ?[0m  [["article_id", 1]]
  ↳ app/views/articles/show.html.erb:13
  Rendered collection of comments/_comment.html.erb [2 times] (Duration: 1.5ms | Allocations: 223)
  Rendered articles/show.html.erb within layouts/application (Duration: 16.6ms | Allocations: 2779)
[Webpacker] Everything's up-to-date. Nothing to do
  Rendered layout layouts/application.html.erb (Duration: 27.3ms | Allocations: 6031)
Completed 200 OK in 37ms (Views: 31.0ms | ActiveRecord: 0.6ms | Allocations: 7950)


Started GET "/articles/1" for ::1 at 2021-09-25 12:15:23 +0530
Processing by ArticlesController#show as HTML
  Parameters: {"id"=>"1"}
  [1m[36mArticle Load (0.2ms)[0m  [1m[34mSELECT "articles".* FROM "articles" WHERE "articles"."id" = ? LIMIT ?[0m  [["id", 1], ["LIMIT", 1]]
  ↳ app/controllers/articles_controller.rb:7:in `show'
  Rendering layout layouts/application.html.erb
  Rendering articles/show.html.erb within layouts/application
  [1m[36mComment Load (0.3ms)[0m  [1m[34mSELECT "comments".* FROM "comments" WHERE "comments"."article_id" = ?[0m  [["article_id", 1]]
  ↳ app/views/articles/show.html.erb:13
  Rendered collection of comments/_comment.html.erb [2 times] (Duration: 0.6ms | Allocations: 84)
  Rendered articles/show.html.erb within layouts/application (Duration: 12.4ms | Allocations: 1819)
[Webpacker] Everything's up-to-date. Nothing to do
  Rendered layout layouts/application.html.erb (Duration: 24.7ms | Allocations: 4695)
Completed 200 OK in 31ms (Views: 26.1ms | ActiveRecord: 0.5ms | Allocations: 5739)


Started GET "/articles/1" for ::1 at 2021-09-25 12:19:10 +0530
  [1m[35m (0.1ms)[0m  [1m[34mSELECT sqlite_version(*)[0m
  [1m[35m (0.1ms)[0m  [1m[34mSELECT "schema_migrations"."version" FROM "schema_migrations" ORDER BY "schema_migrations"."version" ASC[0m
  [1m[35mCACHE  (0.0ms)[0m  [1m[34mSELECT "schema_migrations"."version" FROM "schema_migrations" ORDER BY "schema_migrations"."version" ASC[0m
  
ActiveRecord::PendingMigrationError (

Migrations are pending. To resolve this issue, run:

        bin/rails db:migrate RAILS_ENV=development

You have 2 pending migrations:

20210925064859_add_status_to_articles.rb
20210925064860_add_status_to_comments.rb


):
  
activerecord (6.1.4.1) lib/active_record/migration.rb:625:in `check_pending!'
activerecord (6.1.4.1) lib/active_record/migration.rb:590:in `block (2 levels) in call'
activesupport (6.1.4.1) lib/active_support/evented_file_update_checker.rb:59:in `execute'
activesupport (6.1.4.1) lib/active_support/evented_file_update_checker.rb:65:in `execute_if_updated'
activerecord (6.1.4.1) lib/active_record/migration.rb:597:in `block in call'
activerecord (6.1.4.1) lib/active_record/migration.rb:587:in `synchronize'
activerecord (6.1.4.1) lib/active_record/migration.rb:587:in `call'
actionpack (6.1.4.1) lib/action_dispatch/middleware/callbacks.rb:27:in `block in call'
activesupport (6.1.4.1) lib/active_support/callbacks.rb:98:in `run_callbacks'
actionpack (6.1.4.1) lib/action_dispatch/middleware/callbacks.rb:26:in `call'
actionpack (6.1.4.1) lib/action_dispatch/middleware/executor.rb:14:in `call'
actionpack (6.1.4.1) lib/action_dispatch/middleware/actionable_exceptions.rb:18:in `call'
actionpack (6.1.4.1) lib/action_dispatch/middleware/debug_exceptions.rb:29:in `call'
web-console (4.1.0) lib/web_console/middleware.rb:132:in `call_app'
web-console (4.1.0) lib/web_console/middleware.rb:28:in `block in call'
web-console (4.1.0) lib/web_console/middleware.rb:17:in `catch'
web-console (4.1.0) lib/web_console/middleware.rb:17:in `call'
actionpack (6.1.4.1) lib/action_dispatch/middleware/show_exceptions.rb:33:in `call'
railties (6.1.4.1) lib/rails/rack/logger.rb:37:in `call_app'
railties (6.1.4.1) lib/rails/rack/logger.rb:26:in `block in call'
activesupport (6.1.4.1) lib/active_support/tagged_logging.rb:99:in `block in tagged'
activesupport (6.1.4.1) lib/active_support/tagged_logging.rb:37:in `tagged'
activesupport (6.1.4.1) lib/active_support/tagged_logging.rb:99:in `tagged'
railties (6.1.4.1) lib/rails/rack/logger.rb:26:in `call'
sprockets-rails (3.2.2) lib/sprockets/rails/quiet_assets.rb:13:in `call'
actionpack (6.1.4.1) lib/action_dispatch/middleware/remote_ip.rb:81:in `call'
actionpack (6.1.4.1) lib/action_dispatch/middleware/request_id.rb:26:in `call'
rack (2.2.3) lib/rack/method_override.rb:24:in `call'
rack (2.2.3) lib/rack/runtime.rb:22:in `call'
activesupport (6.1.4.1) lib/active_support/cache/strategy/local_cache_middleware.rb:29:in `call'
actionpack (6.1.4.1) lib/action_dispatch/middleware/executor.rb:14:in `call'
actionpack (6.1.4.1) lib/action_dispatch/middleware/static.rb:24:in `call'
rack (2.2.3) lib/rack/sendfile.rb:110:in `call'
actionpack (6.1.4.1) lib/action_dispatch/middleware/host_authorization.rb:98:in `call'
rack-mini-profiler (2.3.3) lib/mini_profiler/profiler.rb:393:in `call'
webpacker (5.4.3) lib/webpacker/dev_server_proxy.rb:25:in `perform_request'
rack-proxy (0.7.0) lib/rack/proxy.rb:63:in `call'
railties (6.1.4.1) lib/rails/engine.rb:539:in `call'
puma (5.5.0) lib/puma/configuration.rb:249:in `call'
puma (5.5.0) lib/puma/request.rb:77:in `block in handle_request'
puma (5.5.0) lib/puma/thread_pool.rb:340:in `with_force_shutdown'
puma (5.5.0) lib/puma/request.rb:76:in `handle_request'
puma (5.5.0) lib/puma/server.rb:447:in `process_client'
puma (5.5.0) lib/puma/thread_pool.rb:147:in `block in spawn_thread'
  [1m[35m (0.4ms)[0m  [1m[34mSELECT sqlite_version(*)[0m
  [1m[35m (0.1ms)[0m  [1m[34mSELECT "schema_migrations"."version" FROM "schema_migrations" ORDER BY "schema_migrations"."version" ASC[0m
Migrating to AddStatusToArticles (20210925064859)
  [1m[36mTRANSACTION (0.1ms)[0m  [1m[36mbegin transaction[0m
  [1m[35m (0.3ms)[0m  [1m[35mALTER TABLE "articles" ADD "status" varchar[0m
  [1m[36mActiveRecord::SchemaMigration Create (0.2ms)[0m  [1m[32mINSERT INTO "schema_migrations" ("version") VALUES (?)[0m  [["version", "20210925064859"]]
  [1m[36mTRANSACTION (3.1ms)[0m  [1m[36mcommit transaction[0m
Migrating to AddStatusToComments (20210925064860)
  [1m[36mTRANSACTION (0.1ms)[0m  [1m[36mbegin transaction[0m
  [1m[35m (0.3ms)[0m  [1m[35mALTER TABLE "comments" ADD "status" varchar[0m
  [1m[36mActiveRecord::SchemaMigration Create (1.3ms)[0m  [1m[32mINSERT INTO "schema_migrations" ("version") VALUES (?)[0m  [["version", "20210925064860"]]
  [1m[36mTRANSACTION (2.7ms)[0m  [1m[36mcommit transaction[0m
  [1m[36mActiveRecord::InternalMetadata Load (0.1ms)[0m  [1m[34mSELECT "ar_internal_metadata".* FROM "ar_internal_metadata" WHERE "ar_internal_metadata"."key" = ? LIMIT ?[0m  [["key", "environment"], ["LIMIT", 1]]
  [1m[35m (0.4ms)[0m  [1m[34mSELECT sqlite_version(*)[0m
  [1m[35m (1.2ms)[0m  [1m[34mSELECT "schema_migrations"."version" FROM "schema_migrations" ORDER BY "schema_migrations"."version" ASC[0m
Started GET "/articles/1" for ::1 at 2021-09-25 12:19:29 +0530
  [1m[35m (0.1ms)[0m  [1m[34mSELECT sqlite_version(*)[0m
  [1m[35m (0.2ms)[0m  [1m[34mSELECT "schema_migrations"."version" FROM "schema_migrations" ORDER BY "schema_migrations"."version" ASC[0m
Processing by ArticlesController#show as HTML
  Parameters: {"id"=>"1"}
  [1m[36mArticle Load (0.1ms)[0m  [1m[34mSELECT "articles".* FROM "articles" WHERE "articles"."id" = ? LIMIT ?[0m  [["id", 1], ["LIMIT", 1]]
  ↳ app/controllers/articles_controller.rb:7:in `show'
  Rendering layout layouts/application.html.erb
  Rendering articles/show.html.erb within layouts/application
  [1m[36mComment Load (0.1ms)[0m  [1m[34mSELECT "comments".* FROM "comments" WHERE "comments"."article_id" = ?[0m  [["article_id", 1]]
  ↳ app/views/articles/show.html.erb:13
  Rendered collection of comments/_comment.html.erb [2 times] (Duration: 1.1ms | Allocations: 240)
  Rendered articles/show.html.erb within layouts/application (Duration: 15.0ms | Allocations: 8303)
  Rendered layout layouts/application.html.erb (Duration: 15.3ms | Allocations: 8377)
Completed 500 Internal Server Error in 27ms (ActiveRecord: 1.2ms | Allocations: 15013)


  
ActionView::Template::Error (Missing partial comments/_form with {:locale=>[:en], :formats=>[:html], :variants=>[], :handlers=>[:raw, :erb, :html, :builder, :ruby, :jbuilder]}. Searched in:
  * "/home/coder/shubham/blog/app/views"
  * "/home/coder/.rvm/gems/ruby-3.0.1/gems/actiontext-6.1.4.1/app/views"
  * "/home/coder/.rvm/gems/ruby-3.0.1/gems/actionmailbox-6.1.4.1/app/views"
):
    13: <%= render @article.comments %>
    14: 
    15: <h2>Add a comment:</h2>
    16: <%= render 'comments/form' %>
  
app/views/articles/show.html.erb:16
Started GET "/articles/1" for ::1 at 2021-09-25 12:21:40 +0530
Processing by ArticlesController#show as HTML
  Parameters: {"id"=>"1"}
  [1m[36mArticle Load (0.3ms)[0m  [1m[34mSELECT "articles".* FROM "articles" WHERE "articles"."id" = ? LIMIT ?[0m  [["id", 1], ["LIMIT", 1]]
  ↳ app/controllers/articles_controller.rb:7:in `show'
  Rendering layout layouts/application.html.erb
  Rendering articles/show.html.erb within layouts/application
  [1m[36mComment Load (0.3ms)[0m  [1m[34mSELECT "comments".* FROM "comments" WHERE "comments"."article_id" = ?[0m  [["article_id", 1]]
  ↳ app/views/articles/show.html.erb:13
  Rendered collection of comments/_comment.html.erb [2 times] (Duration: 1.2ms | Allocations: 198)
  Rendered comments/_form.html.erb (Duration: 14.1ms | Allocations: 4611)
  Rendered articles/show.html.erb within layouts/application (Duration: 27.3ms | Allocations: 6539)
  Rendered layout layouts/application.html.erb (Duration: 27.7ms | Allocations: 6613)
Completed 500 Internal Server Error in 38ms (ActiveRecord: 0.6ms | Allocations: 8500)


  
ActionView::Template::Error (undefined local variable or method `form' for #<ActionView::Base:0x00000000018538>
Did you mean?  for
               fork):
    1: <p>
    2:   <%= form.label :status %><br>
    3:   <%= form.select :status, ['public', 'private', 'archived'], selected: 'public' %>
    4: </p>
  
app/views/comments/_form.html.erb:2
app/views/articles/show.html.erb:16
Started GET "/articles/1" for ::1 at 2021-09-25 15:57:19 +0530
  [1m[35m (0.3ms)[0m  [1m[34mSELECT sqlite_version(*)[0m
  [1m[35m (0.1ms)[0m  [1m[34mSELECT "schema_migrations"."version" FROM "schema_migrations" ORDER BY "schema_migrations"."version" ASC[0m
Processing by ArticlesController#show as HTML
  Parameters: {"id"=>"1"}
  [1m[36mArticle Load (0.2ms)[0m  [1m[34mSELECT "articles".* FROM "articles" WHERE "articles"."id" = ? LIMIT ?[0m  [["id", 1], ["LIMIT", 1]]
  ↳ app/controllers/articles_controller.rb:7:in `show'
  Rendering layout layouts/application.html.erb
  Rendering articles/show.html.erb within layouts/application
  [1m[36mComment Load (0.2ms)[0m  [1m[34mSELECT "comments".* FROM "comments" WHERE "comments"."article_id" = ?[0m  [["article_id", 1]]
  ↳ app/views/articles/show.html.erb:13
  Rendered collection of comments/_comment.html.erb [2 times] (Duration: 1.6ms | Allocations: 1018)
  Rendered comments/_form.html.erb (Duration: 3.7ms | Allocations: 4905)
  Rendered articles/show.html.erb within layouts/application (Duration: 19.4ms | Allocations: 16424)
  Rendered layout layouts/application.html.erb (Duration: 19.6ms | Allocations: 16507)
Completed 500 Internal Server Error in 44ms (ActiveRecord: 1.1ms | Allocations: 27020)


  
ActionView::Template::Error (undefined local variable or method `form' for #<ActionView::Base:0x00000000008048>
Did you mean?  for
               fork):
    1: <p>
    2:   <%= form.label :status %><br>
    3:   <%= form.select :status, ['public', 'private', 'archived'], selected: 'public' %>
    4: </p>
  
app/views/comments/_form.html.erb:2
app/views/articles/show.html.erb:16
Started GET "/articles/1" for ::1 at 2021-09-25 15:57:20 +0530
Processing by ArticlesController#show as HTML
  Parameters: {"id"=>"1"}
  [1m[36mArticle Load (0.2ms)[0m  [1m[34mSELECT "articles".* FROM "articles" WHERE "articles"."id" = ? LIMIT ?[0m  [["id", 1], ["LIMIT", 1]]
  ↳ app/controllers/articles_controller.rb:7:in `show'
  Rendering layout layouts/application.html.erb
  Rendering articles/show.html.erb within layouts/application
  [1m[36mComment Load (0.2ms)[0m  [1m[34mSELECT "comments".* FROM "comments" WHERE "comments"."article_id" = ?[0m  [["article_id", 1]]
  ↳ app/views/articles/show.html.erb:13
  Rendered collection of comments/_comment.html.erb [2 times] (Duration: 0.8ms | Allocations: 255)
  Rendered comments/_form.html.erb (Duration: 3.8ms | Allocations: 4442)
  Rendered articles/show.html.erb within layouts/application (Duration: 8.6ms | Allocations: 5846)
  Rendered layout layouts/application.html.erb (Duration: 8.7ms | Allocations: 5915)
Completed 500 Internal Server Error in 13ms (ActiveRecord: 0.4ms | Allocations: 7050)


  
ActionView::Template::Error (undefined local variable or method `form' for #<ActionView::Base:0x00000000008480>
Did you mean?  for
               fork):
    1: <p>
    2:   <%= form.label :status %><br>
    3:   <%= form.select :status, ['public', 'private', 'archived'], selected: 'public' %>
    4: </p>
  
app/views/comments/_form.html.erb:2
app/views/articles/show.html.erb:16
Started GET "/articles/1" for ::1 at 2021-09-25 15:57:45 +0530
Processing by ArticlesController#show as HTML
  Parameters: {"id"=>"1"}
  [1m[35m (0.1ms)[0m  [1m[34mSELECT sqlite_version(*)[0m
  ↳ app/controllers/articles_controller.rb:7:in `show'
  [1m[36mArticle Load (0.1ms)[0m  [1m[34mSELECT "articles".* FROM "articles" WHERE "articles"."id" = ? LIMIT ?[0m  [["id", 1], ["LIMIT", 1]]
  ↳ app/controllers/articles_controller.rb:7:in `show'
  Rendering layout layouts/application.html.erb
  Rendering articles/show.html.erb within layouts/application
  [1m[36mComment Load (0.1ms)[0m  [1m[34mSELECT "comments".* FROM "comments" WHERE "comments"."article_id" = ?[0m  [["article_id", 1]]
  ↳ app/views/articles/show.html.erb:13
  Rendered collection of comments/_comment.html.erb [2 times] (Duration: 0.8ms | Allocations: 431)
  Rendered comments/_form.html.erb (Duration: 4.7ms | Allocations: 4345)
  Rendered articles/show.html.erb within layouts/application (Duration: 12.6ms | Allocations: 11296)
  Rendered layout layouts/application.html.erb (Duration: 12.7ms | Allocations: 11371)
Completed 500 Internal Server Error in 23ms (ActiveRecord: 1.6ms | Allocations: 17971)


  
ActionView::Template::Error (undefined local variable or method `form' for #<ActionView::Base:0x00000000009b78>
Did you mean?  for
               fork):
    1: <p>
    2:   <%= form.label :status %><br>
    3:   <%= form.select :status, ['public', 'private', 'archived'], selected: 'public' %>
    4: </p>
  
app/views/comments/_form.html.erb:2
app/views/articles/show.html.erb:16
Started GET "/articles/1" for ::1 at 2021-09-25 16:00:09 +0530
Processing by ArticlesController#show as HTML
  Parameters: {"id"=>"1"}
  [1m[35m (0.0ms)[0m  [1m[34mSELECT sqlite_version(*)[0m
  ↳ app/controllers/articles_controller.rb:9:in `show'
  [1m[36mArticle Load (0.1ms)[0m  [1m[34mSELECT "articles".* FROM "articles" WHERE "articles"."id" = ? LIMIT ?[0m  [["id", 1], ["LIMIT", 1]]
  ↳ app/controllers/articles_controller.rb:9:in `show'
  Rendering layout layouts/application.html.erb
  Rendering articles/show.html.erb within layouts/application
  [1m[36mComment Load (0.1ms)[0m  [1m[34mSELECT "comments".* FROM "comments" WHERE "comments"."article_id" = ?[0m  [["article_id", 1]]
  ↳ app/views/articles/show.html.erb:13
  Rendered collection of comments/_comment.html.erb [2 times] (Duration: 1.1ms | Allocations: 431)
  Rendered comments/_form.html.erb (Duration: 8.0ms | Allocations: 4346)
  Rendered articles/show.html.erb within layouts/application (Duration: 17.7ms | Allocations: 11296)
  Rendered layout layouts/application.html.erb (Duration: 17.8ms | Allocations: 11370)
Completed 500 Internal Server Error in 26ms (ActiveRecord: 0.9ms | Allocations: 18062)


  
ActionView::Template::Error (undefined local variable or method `form' for #<ActionView::Base:0x0000000000b298>
Did you mean?  for
               fork):
    1: <p>
    2:   <%= form.label :status %><br>
    3:   <%= form.select :status, ['public', 'private', 'archived'], selected: 'public' %>
    4: </p>
  
app/views/comments/_form.html.erb:2
app/views/articles/show.html.erb:16
Started GET "/articles/1" for ::1 at 2021-09-25 16:01:12 +0530
Processing by ArticlesController#show as HTML
  Parameters: {"id"=>"1"}
  [1m[36mArticle Load (0.1ms)[0m  [1m[34mSELECT "articles".* FROM "articles" WHERE "articles"."id" = ? LIMIT ?[0m  [["id", 1], ["LIMIT", 1]]
  ↳ app/controllers/articles_controller.rb:9:in `show'
  Rendering layout layouts/application.html.erb
  Rendering articles/show.html.erb within layouts/application
  [1m[36mComment Load (0.2ms)[0m  [1m[34mSELECT "comments".* FROM "comments" WHERE "comments"."article_id" = ?[0m  [["article_id", 1]]
  ↳ app/views/articles/show.html.erb:13
  Rendered collection of comments/_comment.html.erb [2 times] (Duration: 1.2ms | Allocations: 404)
  Rendered comments/_form.html.erb (Duration: 3.5ms | Allocations: 4570)
  Rendered articles/show.html.erb within layouts/application (Duration: 9.6ms | Allocations: 6704)
  Rendered layout layouts/application.html.erb (Duration: 9.8ms | Allocations: 6779)
Completed 500 Internal Server Error in 17ms (ActiveRecord: 0.3ms | Allocations: 8694)


  
ActionView::Template::Error (undefined local variable or method `form' for #<ActionView::Base:0x0000000000b6a8>
Did you mean?  for
               fork):
    1: <p>
    2:  <!--  <%= form.label :status %><br> -->
    3:   <%= form.select :status, ['public', 'private', 'archived'], selected: 'public' %>
    4: </p>
  
app/views/comments/_form.html.erb:2
app/views/articles/show.html.erb:16
Started GET "/articles/1" for ::1 at 2021-09-25 16:01:46 +0530
Processing by ArticlesController#show as HTML
  Parameters: {"id"=>"1"}
  [1m[36mArticle Load (0.3ms)[0m  [1m[34mSELECT "articles".* FROM "articles" WHERE "articles"."id" = ? LIMIT ?[0m  [["id", 1], ["LIMIT", 1]]
  ↳ app/controllers/articles_controller.rb:9:in `show'
  Rendering layout layouts/application.html.erb
  Rendering articles/show.html.erb within layouts/application
  [1m[36mComment Load (0.1ms)[0m  [1m[34mSELECT "comments".* FROM "comments" WHERE "comments"."article_id" = ?[0m  [["article_id", 1]]
  ↳ app/views/articles/show.html.erb:13
  Rendered collection of comments/_comment.html.erb [2 times] (Duration: 1.1ms | Allocations: 404)
  Rendered comments/_form.html.erb (Duration: 3.5ms | Allocations: 4557)
  Rendered articles/show.html.erb within layouts/application (Duration: 9.2ms | Allocations: 6691)
  Rendered layout layouts/application.html.erb (Duration: 9.4ms | Allocations: 6766)
Completed 500 Internal Server Error in 15ms (ActiveRecord: 0.4ms | Allocations: 8680)


  
ActionView::Template::Error (undefined local variable or method `form' for #<ActionView::Base:0x0000000000bbd0>
Did you mean?  for
               fork):
    1: <p>
    2:  
    3:   <%= form.select :status, ['public', 'private', 'archived'], selected: 'public' %>
    4: </p>
  
app/views/comments/_form.html.erb:3
app/views/articles/show.html.erb:16
Started GET "/articles/1" for ::1 at 2021-09-25 16:02:39 +0530
Processing by ArticlesController#show as HTML
  Parameters: {"id"=>"1"}
  [1m[36mArticle Load (0.2ms)[0m  [1m[34mSELECT "articles".* FROM "articles" WHERE "articles"."id" = ? LIMIT ?[0m  [["id", 1], ["LIMIT", 1]]
  ↳ app/controllers/articles_controller.rb:9:in `show'
  Rendering layout layouts/application.html.erb
  Rendering articles/show.html.erb within layouts/application
  [1m[36mComment Load (0.2ms)[0m  [1m[34mSELECT "comments".* FROM "comments" WHERE "comments"."article_id" = ?[0m  [["article_id", 1]]
  ↳ app/views/articles/show.html.erb:13
  Rendered collection of comments/_comment.html.erb [2 times] (Duration: 1.1ms | Allocations: 404)
  Rendered comments/_form.html.erb (Duration: 0.2ms | Allocations: 108)
  Rendered articles/show.html.erb within layouts/application (Duration: 7.0ms | Allocations: 2239)
[Webpacker] Everything's up-to-date. Nothing to do
  Rendered layout layouts/application.html.erb (Duration: 28.8ms | Allocations: 11901)
Completed 200 OK in 39ms (Views: 33.1ms | ActiveRecord: 0.4ms | Allocations: 13865)


Started DELETE "/articles/1/comments/1" for ::1 at 2021-09-25 16:02:44 +0530
Processing by CommentsController#destroy as HTML
  Parameters: {"authenticity_token"=>"[FILTERED]", "article_id"=>"1", "id"=>"1"}
Filter chain halted as #<Proc:0x0000564d193290f8 /home/coder/.rvm/gems/ruby-3.0.1/gems/actionpack-6.1.4.1/lib/action_controller/metal/http_authentication.rb:73> rendered or redirected
Completed 401 Unauthorized in 1ms (ActiveRecord: 0.0ms | Allocations: 479)


Started DELETE "/articles/1/comments/1" for ::1 at 2021-09-25 16:02:46 +0530
Processing by CommentsController#destroy as HTML
  Parameters: {"authenticity_token"=>"[FILTERED]", "article_id"=>"1", "id"=>"1"}
  [1m[36mArticle Load (0.2ms)[0m  [1m[34mSELECT "articles".* FROM "articles" WHERE "articles"."id" = ? LIMIT ?[0m  [["id", 1], ["LIMIT", 1]]
  ↳ app/controllers/comments_controller.rb:10:in `destroy'
  [1m[36mComment Load (0.3ms)[0m  [1m[34mSELECT "comments".* FROM "comments" WHERE "comments"."article_id" = ? AND "comments"."id" = ? LIMIT ?[0m  [["article_id", 1], ["id", 1], ["LIMIT", 1]]
  ↳ app/controllers/comments_controller.rb:11:in `destroy'
  [1m[36mTRANSACTION (0.1ms)[0m  [1m[36mbegin transaction[0m
  ↳ app/controllers/comments_controller.rb:12:in `destroy'
  [1m[36mComment Destroy (1.9ms)[0m  [1m[31mDELETE FROM "comments" WHERE "comments"."id" = ?[0m  [["id", 1]]
  ↳ app/controllers/comments_controller.rb:12:in `destroy'
  [1m[36mTRANSACTION (2.2ms)[0m  [1m[36mcommit transaction[0m
  ↳ app/controllers/comments_controller.rb:12:in `destroy'
Redirected to http://localhost:3000/articles/1
Completed 302 Found in 15ms (ActiveRecord: 4.7ms | Allocations: 5369)


Started GET "/articles/1" for ::1 at 2021-09-25 16:02:46 +0530
Processing by ArticlesController#show as HTML
  Parameters: {"id"=>"1"}
  [1m[36mArticle Load (0.1ms)[0m  [1m[34mSELECT "articles".* FROM "articles" WHERE "articles"."id" = ? LIMIT ?[0m  [["id", 1], ["LIMIT", 1]]
  ↳ app/controllers/articles_controller.rb:9:in `show'
  Rendering layout layouts/application.html.erb
  Rendering articles/show.html.erb within layouts/application
  [1m[36mComment Load (0.1ms)[0m  [1m[34mSELECT "comments".* FROM "comments" WHERE "comments"."article_id" = ?[0m  [["article_id", 1]]
  ↳ app/views/articles/show.html.erb:13
  Rendered collection of comments/_comment.html.erb [1 times] (Duration: 0.3ms | Allocations: 172)
  Rendered comments/_form.html.erb (Duration: 0.1ms | Allocations: 40)
  Rendered articles/show.html.erb within layouts/application (Duration: 2.1ms | Allocations: 1292)
[Webpacker] Everything's up-to-date. Nothing to do
  Rendered layout layouts/application.html.erb (Duration: 5.9ms | Allocations: 4311)
Completed 200 OK in 8ms (Views: 6.5ms | ActiveRecord: 0.1ms | Allocations: 5340)


Started GET "/articles/1" for ::1 at 2021-09-25 16:02:55 +0530
Processing by ArticlesController#show as HTML
  Parameters: {"id"=>"1"}
  [1m[36mArticle Load (0.2ms)[0m  [1m[34mSELECT "articles".* FROM "articles" WHERE "articles"."id" = ? LIMIT ?[0m  [["id", 1], ["LIMIT", 1]]
  ↳ app/controllers/articles_controller.rb:9:in `show'
  Rendering layout layouts/application.html.erb
  Rendering articles/show.html.erb within layouts/application
  [1m[36mComment Load (0.1ms)[0m  [1m[34mSELECT "comments".* FROM "comments" WHERE "comments"."article_id" = ?[0m  [["article_id", 1]]
  ↳ app/views/articles/show.html.erb:13
  Rendered collection of comments/_comment.html.erb [1 times] (Duration: 0.7ms | Allocations: 150)
  Rendered comments/_form.html.erb (Duration: 0.1ms | Allocations: 39)
  Rendered articles/show.html.erb within layouts/application (Duration: 4.6ms | Allocations: 1240)
[Webpacker] Everything's up-to-date. Nothing to do
  Rendered layout layouts/application.html.erb (Duration: 8.7ms | Allocations: 4129)
Completed 200 OK in 13ms (Views: 9.2ms | ActiveRecord: 0.3ms | Allocations: 5117)


Started GET "/articles/1" for ::1 at 2021-09-25 16:02:57 +0530
Processing by ArticlesController#show as HTML
  Parameters: {"id"=>"1"}
  [1m[36mArticle Load (0.2ms)[0m  [1m[34mSELECT "articles".* FROM "articles" WHERE "articles"."id" = ? LIMIT ?[0m  [["id", 1], ["LIMIT", 1]]
  ↳ app/controllers/articles_controller.rb:9:in `show'
  Rendering layout layouts/application.html.erb
  Rendering articles/show.html.erb within layouts/application
  [1m[36mComment Load (0.2ms)[0m  [1m[34mSELECT "comments".* FROM "comments" WHERE "comments"."article_id" = ?[0m  [["article_id", 1]]
  ↳ app/views/articles/show.html.erb:13
  Rendered collection of comments/_comment.html.erb [1 times] (Duration: 0.5ms | Allocations: 150)
  Rendered comments/_form.html.erb (Duration: 0.1ms | Allocations: 39)
  Rendered articles/show.html.erb within layouts/application (Duration: 4.2ms | Allocations: 1240)
[Webpacker] Everything's up-to-date. Nothing to do
  Rendered layout layouts/application.html.erb (Duration: 7.9ms | Allocations: 4129)
Completed 200 OK in 12ms (Views: 8.5ms | ActiveRecord: 0.3ms | Allocations: 5117)


Started GET "/articles/1" for ::1 at 2021-09-25 16:02:58 +0530
Processing by ArticlesController#show as HTML
  Parameters: {"id"=>"1"}
  [1m[36mArticle Load (0.3ms)[0m  [1m[34mSELECT "articles".* FROM "articles" WHERE "articles"."id" = ? LIMIT ?[0m  [["id", 1], ["LIMIT", 1]]
  ↳ app/controllers/articles_controller.rb:9:in `show'
  Rendering layout layouts/application.html.erb
  Rendering articles/show.html.erb within layouts/application
  [1m[36mComment Load (0.2ms)[0m  [1m[34mSELECT "comments".* FROM "comments" WHERE "comments"."article_id" = ?[0m  [["article_id", 1]]
  ↳ app/views/articles/show.html.erb:13
  Rendered collection of comments/_comment.html.erb [1 times] (Duration: 0.5ms | Allocations: 150)
  Rendered comments/_form.html.erb (Duration: 0.1ms | Allocations: 39)
  Rendered articles/show.html.erb within layouts/application (Duration: 5.3ms | Allocations: 1240)
[Webpacker] Everything's up-to-date. Nothing to do
  Rendered layout layouts/application.html.erb (Duration: 9.0ms | Allocations: 4129)
Completed 200 OK in 15ms (Views: 9.6ms | ActiveRecord: 0.5ms | Allocations: 5117)


Started GET "/articles/1" for ::1 at 2021-09-25 16:02:59 +0530
Processing by ArticlesController#show as HTML
  Parameters: {"id"=>"1"}
  [1m[36mArticle Load (0.2ms)[0m  [1m[34mSELECT "articles".* FROM "articles" WHERE "articles"."id" = ? LIMIT ?[0m  [["id", 1], ["LIMIT", 1]]
  ↳ app/controllers/articles_controller.rb:9:in `show'
  Rendering layout layouts/application.html.erb
  Rendering articles/show.html.erb within layouts/application
  [1m[36mComment Load (0.2ms)[0m  [1m[34mSELECT "comments".* FROM "comments" WHERE "comments"."article_id" = ?[0m  [["article_id", 1]]
  ↳ app/views/articles/show.html.erb:13
  Rendered collection of comments/_comment.html.erb [1 times] (Duration: 0.8ms | Allocations: 150)
  Rendered comments/_form.html.erb (Duration: 0.2ms | Allocations: 39)
  Rendered articles/show.html.erb within layouts/application (Duration: 7.8ms | Allocations: 1240)
[Webpacker] Everything's up-to-date. Nothing to do
  Rendered layout layouts/application.html.erb (Duration: 12.0ms | Allocations: 4128)
Completed 200 OK in 17ms (Views: 12.8ms | ActiveRecord: 0.5ms | Allocations: 5116)


Started GET "/articles/1" for ::1 at 2021-09-25 16:03:00 +0530
Processing by ArticlesController#show as HTML
  Parameters: {"id"=>"1"}
  [1m[36mArticle Load (0.2ms)[0m  [1m[34mSELECT "articles".* FROM "articles" WHERE "articles"."id" = ? LIMIT ?[0m  [["id", 1], ["LIMIT", 1]]
  ↳ app/controllers/articles_controller.rb:9:in `show'
  Rendering layout layouts/application.html.erb
  Rendering articles/show.html.erb within layouts/application
  [1m[36mComment Load (0.2ms)[0m  [1m[34mSELECT "comments".* FROM "comments" WHERE "comments"."article_id" = ?[0m  [["article_id", 1]]
  ↳ app/views/articles/show.html.erb:13
  Rendered collection of comments/_comment.html.erb [1 times] (Duration: 0.6ms | Allocations: 150)
  Rendered comments/_form.html.erb (Duration: 0.1ms | Allocations: 39)
  Rendered articles/show.html.erb within layouts/application (Duration: 4.5ms | Allocations: 1240)
[Webpacker] Everything's up-to-date. Nothing to do
  Rendered layout layouts/application.html.erb (Duration: 8.4ms | Allocations: 4128)
Completed 200 OK in 12ms (Views: 8.9ms | ActiveRecord: 0.4ms | Allocations: 5116)


Started GET "/articles/1" for ::1 at 2021-09-25 16:03:04 +0530
Processing by ArticlesController#show as HTML
  Parameters: {"id"=>"1"}
  [1m[36mArticle Load (0.2ms)[0m  [1m[34mSELECT "articles".* FROM "articles" WHERE "articles"."id" = ? LIMIT ?[0m  [["id", 1], ["LIMIT", 1]]
  ↳ app/controllers/articles_controller.rb:9:in `show'
  Rendering layout layouts/application.html.erb
  Rendering articles/show.html.erb within layouts/application
  [1m[36mComment Load (0.1ms)[0m  [1m[34mSELECT "comments".* FROM "comments" WHERE "comments"."article_id" = ?[0m  [["article_id", 1]]
  ↳ app/views/articles/show.html.erb:13
  Rendered collection of comments/_comment.html.erb [1 times] (Duration: 0.6ms | Allocations: 150)
  Rendered comments/_form.html.erb (Duration: 0.1ms | Allocations: 39)
  Rendered articles/show.html.erb within layouts/application (Duration: 4.8ms | Allocations: 1240)
[Webpacker] Everything's up-to-date. Nothing to do
  Rendered layout layouts/application.html.erb (Duration: 8.5ms | Allocations: 4128)
Completed 200 OK in 12ms (Views: 9.0ms | ActiveRecord: 0.3ms | Allocations: 5117)


Started GET "/articles/new" for ::1 at 2021-09-25 16:03:06 +0530
Processing by ArticlesController#new as HTML
Filter chain halted as #<Proc:0x00007fb5e5b12bd0 /home/coder/.rvm/gems/ruby-3.0.1/gems/actionpack-6.1.4.1/lib/action_controller/metal/http_authentication.rb:73> rendered or redirected
Completed 401 Unauthorized in 1ms (ActiveRecord: 0.0ms | Allocations: 217)


Started GET "/articles/new" for ::1 at 2021-09-25 16:03:06 +0530
Processing by ArticlesController#new as HTML
  Rendering layout layouts/application.html.erb
  Rendering articles/new.html.erb within layouts/application
  Rendered articles/_form.html.erb (Duration: 2.6ms | Allocations: 2215)
  Rendered articles/new.html.erb within layouts/application (Duration: 3.5ms | Allocations: 2554)
  Rendered layout layouts/application.html.erb (Duration: 3.6ms | Allocations: 2623)
Completed 500 Internal Server Error in 5ms (ActiveRecord: 0.0ms | Allocations: 3276)


  
ActionView::Template::Error (No route matches {:action=>"index", :article_id=>#<Article id: nil, title: nil, body: nil, created_at: nil, updated_at: nil, status: nil>, :controller=>"comments", :format=>nil}, possible unmatched constraints: [:article_id]
Did you mean?  article_comments_url):
    1: <%= form_with model: [ @article, @article.comments.build ] do |form| %>
    2:   <p>
    3:     <%= form.label :commenter %><br>
    4:     <%= form.text_field :commenter %>
  
app/views/articles/_form.html.erb:1
app/views/articles/new.html.erb:3
Started GET "/articles" for ::1 at 2021-09-25 16:03:20 +0530
Processing by ArticlesController#index as HTML
  Rendering layout layouts/application.html.erb
  Rendering articles/index.html.erb within layouts/application
  [1m[36mArticle Load (0.2ms)[0m  [1m[34mSELECT "articles".* FROM "articles"[0m
  ↳ app/views/articles/index.html.erb:4
  Rendered articles/index.html.erb within layouts/application (Duration: 2.4ms | Allocations: 1041)
[Webpacker] Everything's up-to-date. Nothing to do
  Rendered layout layouts/application.html.erb (Duration: 5.5ms | Allocations: 4063)
Completed 200 OK in 7ms (Views: 5.7ms | ActiveRecord: 0.2ms | Allocations: 4726)


Started GET "/articles" for ::1 at 2021-09-25 16:03:21 +0530
Processing by ArticlesController#index as HTML
  Rendering layout layouts/application.html.erb
  Rendering articles/index.html.erb within layouts/application
  [1m[36mArticle Load (0.1ms)[0m  [1m[34mSELECT "articles".* FROM "articles"[0m
  ↳ app/views/articles/index.html.erb:4
  Rendered articles/index.html.erb within layouts/application (Duration: 2.2ms | Allocations: 741)
[Webpacker] Everything's up-to-date. Nothing to do
  Rendered layout layouts/application.html.erb (Duration: 6.9ms | Allocations: 3629)
Completed 200 OK in 8ms (Views: 7.4ms | ActiveRecord: 0.1ms | Allocations: 4088)


Started GET "/articles/new" for ::1 at 2021-09-25 16:03:23 +0530
Processing by ArticlesController#new as HTML
  Rendering layout layouts/application.html.erb
  Rendering articles/new.html.erb within layouts/application
  Rendered articles/_form.html.erb (Duration: 3.2ms | Allocations: 1565)
  Rendered articles/new.html.erb within layouts/application (Duration: 3.9ms | Allocations: 1674)
  Rendered layout layouts/application.html.erb (Duration: 5.2ms | Allocations: 2156)
Completed 500 Internal Server Error in 8ms (ActiveRecord: 0.0ms | Allocations: 2644)


  
ActionView::Template::Error (No route matches {:action=>"index", :article_id=>#<Article id: nil, title: nil, body: nil, created_at: nil, updated_at: nil, status: nil>, :controller=>"comments", :format=>nil}, possible unmatched constraints: [:article_id]
Did you mean?  article_comments_url):
    1: <%= form_with model: [ @article, @article.comments.build ] do |form| %>
    2:   <p>
    3:     <%= form.label :commenter %><br>
    4:     <%= form.text_field :commenter %>
  
app/views/articles/_form.html.erb:1
app/views/articles/new.html.erb:3
Started GET "/" for ::1 at 2021-09-28 13:22:27 +0530
  [1m[35m (0.4ms)[0m  [1m[34mSELECT sqlite_version(*)[0m
  [1m[35m (0.1ms)[0m  [1m[34mSELECT "schema_migrations"."version" FROM "schema_migrations" ORDER BY "schema_migrations"."version" ASC[0m
Processing by ArticlesController#index as HTML
  Rendering layout layouts/application.html.erb
  Rendering articles/index.html.erb within layouts/application
  [1m[36mArticle Load (0.2ms)[0m  [1m[34mSELECT "articles".* FROM "articles"[0m
  ↳ app/views/articles/index.html.erb:4
  Rendered articles/index.html.erb within layouts/application (Duration: 5.9ms | Allocations: 4776)
[Webpacker] Everything's up-to-date. Nothing to do
  Rendered layout layouts/application.html.erb (Duration: 19.0ms | Allocations: 10754)
Completed 200 OK in 49ms (Views: 21.5ms | ActiveRecord: 0.5ms | Allocations: 16704)


Started GET "/articles/new" for ::1 at 2021-09-28 13:22:43 +0530
Processing by ArticlesController#new as HTML
Filter chain halted as #<Proc:0x00007fbbb83f3ba0 /home/coder/.rvm/gems/ruby-3.0.1/gems/actionpack-6.1.4.1/lib/action_controller/metal/http_authentication.rb:73> rendered or redirected
Completed 401 Unauthorized in 1ms (ActiveRecord: 0.0ms | Allocations: 335)


Started GET "/articles/new" for ::1 at 2021-09-28 13:22:52 +0530
Processing by ArticlesController#new as HTML
  Rendering layout layouts/application.html.erb
  Rendering articles/new.html.erb within layouts/application
  Rendered articles/_form.html.erb (Duration: 11.8ms | Allocations: 10519)
  Rendered articles/new.html.erb within layouts/application (Duration: 18.1ms | Allocations: 10890)
  Rendered layout layouts/application.html.erb (Duration: 18.3ms | Allocations: 10960)
Completed 500 Internal Server Error in 20ms (ActiveRecord: 0.3ms | Allocations: 11695)


  
ActionView::Template::Error (No route matches {:action=>"index", :article_id=>#<Article id: nil, title: nil, body: nil, created_at: nil, updated_at: nil, status: nil>, :controller=>"comments", :format=>nil}, possible unmatched constraints: [:article_id]
Did you mean?  article_comments_url):
    1: <%= form_with model: [ @article, @article.comments.build ] do |form| %>
    2:   <p>
    3:     <%= form.label :commenter %><br>
    4:     <%= form.text_field :commenter %>
  
app/views/articles/_form.html.erb:1
app/views/articles/new.html.erb:3
  [1m[35m (0.3ms)[0m  [1m[34mSELECT sqlite_version(*)[0m
  [1m[36mArticle Load (0.1ms)[0m  [1m[34mSELECT "articles".* FROM "articles"[0m
Started GET "/" for ::1 at 2021-09-28 13:33:24 +0530
Processing by ArticlesController#index as HTML
  Rendering layout layouts/application.html.erb
  Rendering articles/index.html.erb within layouts/application
  [1m[35m (0.1ms)[0m  [1m[34mSELECT sqlite_version(*)[0m
  ↳ app/views/articles/index.html.erb:4
  [1m[36mArticle Load (0.3ms)[0m  [1m[34mSELECT "articles".* FROM "articles"[0m
  ↳ app/views/articles/index.html.erb:4
  Rendered articles/index.html.erb within layouts/application (Duration: 7.2ms | Allocations: 1618)
[Webpacker] Everything's up-to-date. Nothing to do
  Rendered layout layouts/application.html.erb (Duration: 20.0ms | Allocations: 4644)
Completed 200 OK in 24ms (Views: 20.6ms | ActiveRecord: 0.6ms | Allocations: 5200)


Started GET "/articles/1" for ::1 at 2021-09-28 13:33:26 +0530
Processing by ArticlesController#show as HTML
  Parameters: {"id"=>"1"}
  [1m[36mArticle Load (0.5ms)[0m  [1m[34mSELECT "articles".* FROM "articles" WHERE "articles"."id" = ? LIMIT ?[0m  [["id", 1], ["LIMIT", 1]]
  ↳ app/controllers/articles_controller.rb:9:in `show'
  Rendering layout layouts/application.html.erb
  Rendering articles/show.html.erb within layouts/application
  [1m[36mComment Load (0.3ms)[0m  [1m[34mSELECT "comments".* FROM "comments" WHERE "comments"."article_id" = ?[0m  [["article_id", 1]]
  ↳ app/views/articles/show.html.erb:13
  Rendered collection of comments/_comment.html.erb [1 times] (Duration: 1.6ms | Allocations: 424)
  Rendered comments/_form.html.erb (Duration: 0.3ms | Allocations: 109)
  Rendered articles/show.html.erb within layouts/application (Duration: 8.0ms | Allocations: 3004)
[Webpacker] Everything's up-to-date. Nothing to do
  Rendered layout layouts/application.html.erb (Duration: 11.8ms | Allocations: 5996)
Completed 200 OK in 25ms (Views: 12.2ms | ActiveRecord: 0.8ms | Allocations: 10441)


  [1m[36mArticle Load (0.3ms)[0m  [1m[34mSELECT "articles".* FROM "articles" WHERE "articles"."id" = ? LIMIT ?[0m  [["id", 1], ["LIMIT", 1]]
  [1m[36mArticle Load (0.2ms)[0m  [1m[34mSELECT "articles".* FROM "articles" WHERE "articles"."id" = ? LIMIT ?[0m  [["id", 1], ["LIMIT", 1]]
  [1m[36mComment Load (0.2ms)[0m  [1m[34mSELECT "comments".* FROM "comments" WHERE "comments"."article_id" = ?[0m  [["article_id", 1]]
  [1m[35m (0.6ms)[0m  [1m[34mSELECT sqlite_version(*)[0m
  [1m[35m (0.1ms)[0m  [1m[34mSELECT "schema_migrations"."version" FROM "schema_migrations" ORDER BY "schema_migrations"."version" ASC[0m
Migrating to CreateBook (20210929103833)
  [1m[35m (0.2ms)[0m  [1m[34mSELECT sqlite_version(*)[0m
  [1m[35m (0.1ms)[0m  [1m[34mSELECT "schema_migrations"."version" FROM "schema_migrations" ORDER BY "schema_migrations"."version" ASC[0m
Migrating to CreateBook (20210929103833)
  [1m[36mTRANSACTION (0.1ms)[0m  [1m[36mbegin transaction[0m
  [1m[35m (0.3ms)[0m  [1m[35mCREATE TABLE "authors" ("id" integer PRIMARY KEY AUTOINCREMENT NOT NULL, "name" varchar, "created_at" datetime(6) NOT NULL, "updated_at" datetime(6) NOT NULL)[0m
  [1m[35m (0.1ms)[0m  [1m[35mCREATE TABLE "books" ("id" integer PRIMARY KEY AUTOINCREMENT NOT NULL, "author_id" integer, "published_at" datetime, "created_at" datetime(6) NOT NULL, "updated_at" datetime(6) NOT NULL)[0m
  [1m[35m (0.1ms)[0m  [1m[35mCREATE INDEX "index_books_on_author_id" ON "books" ("author_id")[0m
  [1m[36mActiveRecord::SchemaMigration Create (0.2ms)[0m  [1m[32mINSERT INTO "schema_migrations" ("version") VALUES (?)[0m  [["version", "20210929103833"]]
  [1m[36mTRANSACTION (4.0ms)[0m  [1m[36mcommit transaction[0m
  [1m[36mActiveRecord::InternalMetadata Load (0.2ms)[0m  [1m[34mSELECT "ar_internal_metadata".* FROM "ar_internal_metadata" WHERE "ar_internal_metadata"."key" = ? LIMIT ?[0m  [["key", "environment"], ["LIMIT", 1]]
  [1m[35m (0.0ms)[0m  [1m[34mSELECT sqlite_version(*)[0m
  [1m[35m (0.1ms)[0m  [1m[34mSELECT "schema_migrations"."version" FROM "schema_migrations" ORDER BY "schema_migrations"."version" ASC[0m
Started GET "/" for ::1 at 2021-09-30 13:30:46 +0530
  [1m[35m (0.3ms)[0m  [1m[34mSELECT sqlite_version(*)[0m
  [1m[35m (0.1ms)[0m  [1m[34mSELECT "schema_migrations"."version" FROM "schema_migrations" ORDER BY "schema_migrations"."version" ASC[0m
Processing by ArticlesController#index as HTML
  Rendering layout layouts/application.html.erb
  Rendering articles/index.html.erb within layouts/application
  [1m[36mArticle Load (0.2ms)[0m  [1m[34mSELECT "articles".* FROM "articles"[0m
  ↳ app/views/articles/index.html.erb:4
  Rendered articles/index.html.erb within layouts/application (Duration: 5.3ms | Allocations: 4776)
[Webpacker] Everything's up-to-date. Nothing to do
  Rendered layout layouts/application.html.erb (Duration: 22.7ms | Allocations: 10798)
Completed 200 OK in 44ms (Views: 24.5ms | ActiveRecord: 0.5ms | Allocations: 16705)


Started GET "/articles/new" for ::1 at 2021-09-30 13:30:49 +0530
Processing by ArticlesController#new as HTML
Filter chain halted as #<Proc:0x00007ff6fc3bf060 /home/coder/.rvm/gems/ruby-3.0.1/gems/actionpack-6.1.4.1/lib/action_controller/metal/http_authentication.rb:73> rendered or redirected
Completed 401 Unauthorized in 1ms (ActiveRecord: 0.0ms | Allocations: 365)


Started GET "/articles/new" for ::1 at 2021-09-30 13:30:52 +0530
Processing by ArticlesController#new as HTML
  Rendering layout layouts/application.html.erb
  Rendering articles/new.html.erb within layouts/application
  Rendered articles/_form.html.erb (Duration: 16.4ms | Allocations: 10530)
  Rendered articles/new.html.erb within layouts/application (Duration: 22.9ms | Allocations: 10900)
  Rendered layout layouts/application.html.erb (Duration: 23.1ms | Allocations: 10971)
Completed 500 Internal Server Error in 26ms (ActiveRecord: 0.4ms | Allocations: 11721)


  
ActionView::Template::Error (No route matches {:action=>"index", :article_id=>#<Article id: nil, title: nil, body: nil, created_at: nil, updated_at: nil, status: nil>, :controller=>"comments", :format=>nil}, possible unmatched constraints: [:article_id]
Did you mean?  article_comments_url):
    1: <%= form_with model: [ @article, @article.comments.build ] do |form| %>
    2:   <p>
    3:     <%= form.label :commenter %><br>
    4:     <%= form.text_field :commenter %>
  
app/views/articles/_form.html.erb:1
app/views/articles/new.html.erb:3
Started GET "/" for ::1 at 2021-09-30 13:31:06 +0530
Processing by ArticlesController#index as HTML
  Rendering layout layouts/application.html.erb
  Rendering articles/index.html.erb within layouts/application
  [1m[36mArticle Load (0.1ms)[0m  [1m[34mSELECT "articles".* FROM "articles"[0m
  ↳ app/views/articles/index.html.erb:4
  Rendered articles/index.html.erb within layouts/application (Duration: 3.5ms | Allocations: 858)
[Webpacker] Everything's up-to-date. Nothing to do
  Rendered layout layouts/application.html.erb (Duration: 14.8ms | Allocations: 3884)
Completed 200 OK in 17ms (Views: 15.2ms | ActiveRecord: 0.1ms | Allocations: 4447)


  [1m[35m (0.4ms)[0m  [1m[34mSELECT sqlite_version(*)[0m
  [1m[36mTRANSACTION (0.1ms)[0m  [1m[36mbegin transaction[0m
  [1m[36mArticle Create (0.6ms)[0m  [1m[32mINSERT INTO "articles" ("title", "body", "created_at", "updated_at") VALUES (?, ?, ?, ?)[0m  [["title", "Hello Rails"], ["body", "I am on Rails!"], ["created_at", "2021-10-01 07:56:25.621883"], ["updated_at", "2021-10-01 07:56:25.621883"]]
  [1m[36mTRANSACTION (2.4ms)[0m  [1m[36mcommit transaction[0m
